Wed Apr 18 18:14:02 PDT 2018
MaxEnt version 3.4.1
Reading file kpc_background.csv
readGrid: max memory 954728448, total allocated 328728576, free 101472280, used 227256296, increment 67304848
Reading samples from rfbo_accessible.csv
Read samples: max memory 954728448, total allocated 316669952, free 269162432, used 47507520, increment -179748776
Adding samples to background in feature space
Command line used: 
Command line to repeat: java density.MaxEnt nowarnings noprefixes nopictures outputformat=raw outputdirectory=/Users/maxczap/Projects/makani/analysis/maxent/kpc/el samplesfile=/Users/maxczap/Projects/makani/data/out/Presences/rfbo_accessible.csv environmentallayers=/Users/maxczap/Projects/makani/data/out/Presences/kpc_background.csv -N D2C -N LocDate -N UD
Species: RFBO
Layers: Ert anom bathy sst
Layertypes: Continuous Continuous Continuous Continuous
pictures: false
outputformat: raw
outputdirectory: /Users/maxczap/Projects/makani/analysis/maxent/kpc/el
samplesfile: /Users/maxczap/Projects/makani/data/out/Presences/rfbo_accessible.csv
environmentallayers: /Users/maxczap/Projects/makani/data/out/Presences/kpc_background.csv

getSamples: max memory 954728448, total allocated 316669952, free 231449032, used 85220920, increment 37713400
Time since start: 1.395
Making features
makeFeatures: max memory 954728448, total allocated 316669952, free 228651504, used 88018448, increment 2797528
RFBO: 
Regularization values: linear/quadratic/product: 0.050, categorical: 0.250, threshold: 1.000, hinge: 0.500
3122 samples
Density: max memory 954728448, total allocated 316669952, free 222492656, used 94177296, increment 6158848
linearPredictor: max memory 954728448, total allocated 316669952, free 221174160, used 95495792, increment 1318496
FeaturedSpace: max memory 954728448, total allocated 316669952, free 221174160, used 95495792, increment 0
Sequential: max memory 954728448, total allocated 316669952, free 221174160, used 95495792, increment 0
Initial loss: 9.46148811969999
Time since start: 9.434
500: time = 7.824000 loss = 9.227676
Resulting gain: 0.23381244823076486
Projecting...
Writing file /Users/maxczap/Projects/makani/analysis/maxent/kpc/el/RFBO.csv
Time since start: 10.521
Ending
