Wed Apr 18 18:01:25 PDT 2018
MaxEnt version 3.4.1
Reading file kpc_background.csv
readGrid: max memory 954728448, total allocated 81264640, free 43386584, used 37878056, increment 37878056
Reading samples from rfbo_accessible.csv
Read samples: max memory 954728448, total allocated 116916224, free 74416184, used 42500040, increment 4621984
Adding samples to background in feature space
Command line used: 
Command line to repeat: java density.MaxEnt nowarnings noprefixes responsecurves nopictures outputformat=raw outputdirectory=/Users/maxczap/Projects/makani/analysis/maxent/kpc/crw samplesfile=/Users/maxczap/Projects/makani/data/out/Presences/rfbo_accessible.csv environmentallayers=/Users/maxczap/Projects/makani/data/out/Presences/kpc_background.csv -N D2C -N Ert -N LocDate
Species: RFBO
Layers: UD anom bathy sst
Layertypes: Continuous Continuous Continuous Continuous
responsecurves: true
pictures: false
outputformat: raw
outputdirectory: /Users/maxczap/Projects/makani/analysis/maxent/kpc/crw
samplesfile: /Users/maxczap/Projects/makani/data/out/Presences/rfbo_accessible.csv
environmentallayers: /Users/maxczap/Projects/makani/data/out/Presences/kpc_background.csv

getSamples: max memory 954728448, total allocated 182452224, free 167396872, used 15055352, increment -27444688
Making features
makeFeatures: max memory 954728448, total allocated 182452224, free 163999544, used 18452680, increment 3397328
RFBO: 
Regularization values: linear/quadratic/product: 0.050, categorical: 0.250, threshold: 1.000, hinge: 0.500
3129 samples
Density: max memory 954728448, total allocated 182452224, free 155866024, used 26586200, increment 8133520
linearPredictor: max memory 954728448, total allocated 182452224, free 155866024, used 26586200, increment 0
FeaturedSpace: max memory 954728448, total allocated 182452224, free 155866024, used 26586200, increment 0
Sequential: max memory 954728448, total allocated 182452224, free 155866024, used 26586200, increment 0
Initial loss: 9.461332526110132
Time since start: 5.483
500: time = 4.656000 loss = 9.054679
Resulting gain: 0.40665326988489703
Projecting...
Writing file /Users/maxczap/Projects/makani/analysis/maxent/kpc/crw/RFBO.csv
Time since start: 6.675
RFBO response curves
Response curve: only UD
Making features
makeFeatures: max memory 954728448, total allocated 266338304, free 186050264, used 80288040, increment 53701840
RFBO UD: 
Regularization values: linear/quadratic/product: 0.050, categorical: 0.250, threshold: 1.000, hinge: 0.500
3129 samples
Density: max memory 954728448, total allocated 266338304, free 186050264, used 80288040, increment 0
linearPredictor: max memory 954728448, total allocated 266338304, free 186050264, used 80288040, increment 0
FeaturedSpace: max memory 954728448, total allocated 266338304, free 186050264, used 80288040, increment 0
Sequential: max memory 954728448, total allocated 266338304, free 186050264, used 80288040, increment 0
Initial loss: 9.461332526110132
Time since start: 8.383
160: time = 1.193000 loss = 9.260558
Resulting gain: 0.20077403778570613
RFBO response curves
Response curve: only anom
Making features
makeFeatures: max memory 954728448, total allocated 266338304, free 152733208, used 113605096, increment 33317056
RFBO anom: 
Regularization values: linear/quadratic/product: 0.050, categorical: 0.250, threshold: 1.000, hinge: 0.500
3129 samples
Density: max memory 954728448, total allocated 266338304, free 148943360, used 117394944, increment 3789848
linearPredictor: max memory 954728448, total allocated 266338304, free 148943360, used 117394944, increment 0
FeaturedSpace: max memory 954728448, total allocated 266338304, free 148943360, used 117394944, increment 0
Sequential: max memory 954728448, total allocated 266338304, free 148943360, used 117394944, increment 0
Initial loss: 9.461332526110132
120: time = 0.645000 loss = 9.445965
Resulting gain: 0.015367399677501226
RFBO response curves
Response curve: only bathy
Making features
makeFeatures: max memory 954728448, total allocated 266338304, free 137049672, used 129288632, increment 11893688
RFBO bathy: 
Regularization values: linear/quadratic/product: 0.050, categorical: 0.250, threshold: 1.000, hinge: 0.500
3129 samples
Density: max memory 954728448, total allocated 266338304, free 133243440, used 133094864, increment 3806232
linearPredictor: max memory 954728448, total allocated 266338304, free 133243440, used 133094864, increment 0
FeaturedSpace: max memory 954728448, total allocated 266338304, free 133243440, used 133094864, increment 0
Sequential: max memory 954728448, total allocated 266338304, free 133243440, used 133094864, increment 0
Initial loss: 9.461332526110132
Time since start: 11.639
300: time = 2.320000 loss = 9.361071
Resulting gain: 0.10026193442899611
RFBO response curves
Response curve: only sst
Making features
makeFeatures: max memory 954728448, total allocated 387448832, free 257743256, used 129705576, increment -3389288
RFBO sst: 
Regularization values: linear/quadratic/product: 0.050, categorical: 0.250, threshold: 1.000, hinge: 0.500
3129 samples
Density: max memory 954728448, total allocated 387448832, free 257743256, used 129705576, increment 0
linearPredictor: max memory 954728448, total allocated 387448832, free 257640416, used 129808416, increment 102840
FeaturedSpace: max memory 954728448, total allocated 387448832, free 257640416, used 129808416, increment 0
Sequential: max memory 954728448, total allocated 387448832, free 257640416, used 129808416, increment 0
Initial loss: 9.461332526110132
Time since start: 12.657
180: time = 0.871000 loss = 9.432042
Resulting gain: 0.029290592046846697
RFBO response curves
Ending
