Sat Apr 21 19:42:12 PDT 2018
MaxEnt version 3.4.1
Reading file kpc_background.csv
readGrid: max memory 536870912, total allocated 67108864, free 39877424, used 27231440, increment 27231440
Reading samples from rfbo_accessible.csv
Read samples: max memory 536870912, total allocated 67108864, free 47037800, used 20071064, increment -7160376
Adding samples to background in feature space
Command line used:  environmentallayers=data/out/Presences/kpc_background.csv samplesfile=data/out/Presences/rfbo_accessible.csv outputdirectory=analysis/maxent/KPC/crw togglelayerselected=LocDate togglelayerselected=Ert togglelayerselected=D2C outputformat=raw replicates=10 redoifexists autorun responsecurves writeplotdata
Command line to repeat: java density.MaxEnt nowarnings noprefixes responsecurves outputformat=raw outputdirectory=analysis/maxent/KPC/crw samplesfile=data/out/Presences/rfbo_accessible.csv environmentallayers=data/out/Presences/kpc_background.csv noaskoverwrite replicates=10 autorun writeplotdata -N D2C -N Ert -N LocDate
Species: RFBO_0 RFBO_1 RFBO_2 RFBO_3 RFBO_4 RFBO_5 RFBO_6 RFBO_7 RFBO_8 RFBO_9
Layers: UD anom bathy sst
Layertypes: Continuous Continuous Continuous Continuous
responsecurves: true
outputformat: raw
outputdirectory: analysis/maxent/KPC/crw
samplesfile: data/out/Presences/rfbo_accessible.csv
environmentallayers: data/out/Presences/kpc_background.csv
askoverwrite: false
replicates: 10
autorun: true
writeplotdata: true

getSamples: max memory 536870912, total allocated 67108864, free 50811576, used 16297288, increment -3773776
Making features
makeFeatures: max memory 536870912, total allocated 67108864, free 47542592, used 19566272, increment 3268984
RFBO_0: 
Regularization values: linear/quadratic/product: 0.050, categorical: 0.250, threshold: 1.000, hinge: 0.500
Time since start: 1.359
2758 samples
Density: max memory 536870912, total allocated 67108864, free 38764000, used 28344864, increment 8778592
linearPredictor: max memory 536870912, total allocated 67108864, free 38764000, used 28344864, increment 0
FeaturedSpace: max memory 536870912, total allocated 67108864, free 38764000, used 28344864, increment 0
Sequential: max memory 536870912, total allocated 67108864, free 38764000, used 28344864, increment 0
Initial loss: 9.439068301584292
Initial test loss: 9.439068301584292
Time since start: 7.611
500: time = 6.119000 loss = 9.010888 testLoss 8.930770
Resulting gain: 0.42818063201627865
Time since start: 8.94
Projecting...
Writing file analysis/maxent/KPC/crw/RFBO_0.csv
RFBO_0 response curves
Response curve: only UD
Making features
makeFeatures: max memory 536870912, total allocated 67108864, free 28134296, used 38974568, increment 10629704
RFBO_0 UD: 
Regularization values: linear/quadratic/product: 0.050, categorical: 0.250, threshold: 1.000, hinge: 0.500
2758 samples
Density: max memory 536870912, total allocated 67108864, free 26546312, used 40562552, increment 1587984
linearPredictor: max memory 536870912, total allocated 67108864, free 26399632, used 40709232, increment 146680
FeaturedSpace: max memory 536870912, total allocated 67108864, free 26399632, used 40709232, increment 0
Sequential: max memory 536870912, total allocated 67108864, free 26399632, used 40709232, increment 0
Initial loss: 9.439068301584292
Time since start: 11.476
120: time = 1.720000 loss = 9.232626
Resulting gain: 0.2064425146369313
RFBO_0 response curves
Response curve: only anom
Making features
makeFeatures: max memory 536870912, total allocated 67108864, free 27644432, used 39464432, increment -1244800
RFBO_0 anom: 
Regularization values: linear/quadratic/product: 0.050, categorical: 0.250, threshold: 1.000, hinge: 0.500
2758 samples
Density: max memory 536870912, total allocated 67108864, free 26317088, used 40791776, increment 1327344
linearPredictor: max memory 536870912, total allocated 67108864, free 26216512, used 40892352, increment 100576
FeaturedSpace: max memory 536870912, total allocated 67108864, free 26216512, used 40892352, increment 0
Sequential: max memory 536870912, total allocated 67108864, free 26216512, used 40892352, increment 0
Initial loss: 9.439068301584292
Time since start: 12.978
160: time = 1.269000 loss = 9.414585
Resulting gain: 0.024483318791384434
RFBO_0 response curves
Response curve: only bathy
Making features
makeFeatures: max memory 536870912, total allocated 67108864, free 25381776, used 41727088, increment 834736
RFBO_0 bathy: 
Regularization values: linear/quadratic/product: 0.050, categorical: 0.250, threshold: 1.000, hinge: 0.500
2758 samples
Density: max memory 536870912, total allocated 67108864, free 23320424, used 43788440, increment 2061352
linearPredictor: max memory 536870912, total allocated 67108864, free 23219848, used 43889016, increment 100576
FeaturedSpace: max memory 536870912, total allocated 67108864, free 23219848, used 43889016, increment 0
Sequential: max memory 536870912, total allocated 67108864, free 23219848, used 43889016, increment 0
Initial loss: 9.439068301584292
Time since start: 15.746
320: time = 2.557000 loss = 9.322867
Resulting gain: 0.11620122155384394
RFBO_0 response curves
Response curve: only sst
Making features
makeFeatures: max memory 536870912, total allocated 67108864, free 13963624, used 53145240, increment 9256224
RFBO_0 sst: 
Regularization values: linear/quadratic/product: 0.050, categorical: 0.250, threshold: 1.000, hinge: 0.500
2758 samples
Density: max memory 536870912, total allocated 67108864, free 12697912, used 54410952, increment 1265712
linearPredictor: max memory 536870912, total allocated 67108864, free 12697912, used 54410952, increment 0
FeaturedSpace: max memory 536870912, total allocated 67108864, free 12697912, used 54410952, increment 0
Sequential: max memory 536870912, total allocated 67108864, free 12695864, used 54413000, increment 2048
Initial loss: 9.439068301584292
Time since start: 17.606
360: time = 1.724000 loss = 9.265698
Resulting gain: 0.17337062704470796
RFBO_0 response curves
getSamples: max memory 536870912, total allocated 67108864, free 19272480, used 47836384, increment -6576616
Making features
makeFeatures: max memory 536870912, total allocated 67108864, free 16428960, used 50679904, increment 2843520
RFBO_1: 
Regularization values: linear/quadratic/product: 0.050, categorical: 0.250, threshold: 1.000, hinge: 0.500
Time since start: 18.681
2758 samples
Density: max memory 536870912, total allocated 67108864, free 16963864, used 50145000, increment -534904
linearPredictor: max memory 536870912, total allocated 67108864, free 16863280, used 50245584, increment 100584
FeaturedSpace: max memory 536870912, total allocated 67108864, free 16863280, used 50245584, increment 0
Sequential: max memory 536870912, total allocated 67108864, free 16863280, used 50245584, increment 0
Initial loss: 9.43914785291483
Initial test loss: 9.43914785291483
Time since start: 23.425
500: time = 4.710000 loss = 9.004230 testLoss 9.012096
Resulting gain: 0.43491810279082266
Projecting...
Writing file analysis/maxent/KPC/crw/RFBO_1.csv
RFBO_1 response curves
Response curve: only UD
Making features
makeFeatures: max memory 536870912, total allocated 100663296, free 52713032, used 47950264, increment -2295320
RFBO_1 UD: 
Regularization values: linear/quadratic/product: 0.050, categorical: 0.250, threshold: 1.000, hinge: 0.500
Time since start: 24.441
2758 samples
Density: max memory 536870912, total allocated 100663296, free 51245280, used 49418016, increment 1467752
linearPredictor: max memory 536870912, total allocated 100663296, free 51144696, used 49518600, increment 100584
FeaturedSpace: max memory 536870912, total allocated 100663296, free 51144696, used 49518600, increment 0
Sequential: max memory 536870912, total allocated 100663296, free 51144696, used 49518600, increment 0
Initial loss: 9.43914785291483
Time since start: 25.818
120: time = 1.370000 loss = 9.225674
Resulting gain: 0.21347378695063668
RFBO_1 response curves
Response curve: only anom
Making features
makeFeatures: max memory 536870912, total allocated 100663296, free 46765824, used 53897472, increment 4378872
RFBO_1 anom: 
Regularization values: linear/quadratic/product: 0.050, categorical: 0.250, threshold: 1.000, hinge: 0.500
2758 samples
Density: max memory 536870912, total allocated 100663296, free 45178544, used 55484752, increment 1587280
linearPredictor: max memory 536870912, total allocated 100663296, free 45178544, used 55484752, increment 0
FeaturedSpace: max memory 536870912, total allocated 100663296, free 45178544, used 55484752, increment 0
Sequential: max memory 536870912, total allocated 100663296, free 45178544, used 55484752, increment 0
Initial loss: 9.43914785291483
Time since start: 26.984
160: time = 1.007000 loss = 9.414775
Resulting gain: 0.02437314012391667
RFBO_1 response curves
Response curve: only bathy
Making features
makeFeatures: max memory 536870912, total allocated 100663296, free 53486776, used 47176520, increment -8308232
RFBO_1 bathy: 
Regularization values: linear/quadratic/product: 0.050, categorical: 0.250, threshold: 1.000, hinge: 0.500
2758 samples
Density: max memory 536870912, total allocated 100663296, free 51747920, used 48915376, increment 1738856
linearPredictor: max memory 536870912, total allocated 100663296, free 51647336, used 49015960, increment 100584
FeaturedSpace: max memory 536870912, total allocated 100663296, free 51647336, used 49015960, increment 0
Sequential: max memory 536870912, total allocated 100663296, free 51647336, used 49015960, increment 0
Initial loss: 9.43914785291483
Time since start: 29.747
340: time = 2.602000 loss = 9.323888
Resulting gain: 0.11526021294331912
RFBO_1 response curves
Response curve: only sst
Making features
makeFeatures: max memory 536870912, total allocated 100663296, free 31266752, used 69396544, increment 20380584
RFBO_1 sst: 
Regularization values: linear/quadratic/product: 0.050, categorical: 0.250, threshold: 1.000, hinge: 0.500
2758 samples
Density: max memory 536870912, total allocated 100663296, free 29734368, used 70928928, increment 1532384
linearPredictor: max memory 536870912, total allocated 100663296, free 29734368, used 70928928, increment 0
FeaturedSpace: max memory 536870912, total allocated 100663296, free 29734368, used 70928928, increment 0
Sequential: max memory 536870912, total allocated 100663296, free 29734368, used 70928928, increment 0
Initial loss: 9.43914785291483
Time since start: 31.251
280: time = 1.357000 loss = 9.261109
Resulting gain: 0.178038845893715
RFBO_1 response curves
getSamples: max memory 536870912, total allocated 100663296, free 39071584, used 61591712, increment -9337216
Making features
makeFeatures: max memory 536870912, total allocated 100663296, free 36136696, used 64526600, increment 2934888
RFBO_2: 
Regularization values: linear/quadratic/product: 0.050, categorical: 0.250, threshold: 1.000, hinge: 0.500
2758 samples
Density: max memory 536870912, total allocated 100663296, free 30672728, used 69990568, increment 5463968
linearPredictor: max memory 536870912, total allocated 100663296, free 30672728, used 69990568, increment 0
FeaturedSpace: max memory 536870912, total allocated 100663296, free 30672728, used 69990568, increment 0
Sequential: max memory 536870912, total allocated 100663296, free 30672728, used 69990568, increment 0
Initial loss: 9.438909179935457
Initial test loss: 9.438909179935457
Time since start: 36.409
500: time = 4.182000 loss = 9.005248 testLoss 9.015959
Resulting gain: 0.4336615226652789
Projecting...
Writing file analysis/maxent/KPC/crw/RFBO_2.csv
RFBO_2 response curves
Response curve: only UD
Making features
makeFeatures: max memory 536870912, total allocated 100663296, free 62934352, used 37728944, increment -32261624
RFBO_2 UD: 
Regularization values: linear/quadratic/product: 0.050, categorical: 0.250, threshold: 1.000, hinge: 0.500
Time since start: 37.428
2758 samples
Density: max memory 536870912, total allocated 100663296, free 61471992, used 39191304, increment 1462360
linearPredictor: max memory 536870912, total allocated 100663296, free 67621168, used 33042128, increment -6149176
FeaturedSpace: max memory 536870912, total allocated 100663296, free 67119360, used 33543936, increment 501808
Sequential: max memory 536870912, total allocated 100663296, free 67119360, used 33543936, increment 0
Initial loss: 9.438909179935457
Time since start: 39.076
280: time = 1.644000 loss = 9.224567
Resulting gain: 0.2143422143259368
RFBO_2 response curves
Response curve: only anom
Making features
makeFeatures: max memory 536870912, total allocated 100663296, free 37462328, used 63200968, increment 29657032
RFBO_2 anom: 
Regularization values: linear/quadratic/product: 0.050, categorical: 0.250, threshold: 1.000, hinge: 0.500
2758 samples
Density: max memory 536870912, total allocated 100663296, free 61495864, used 39167432, increment -24033536
linearPredictor: max memory 536870912, total allocated 100663296, free 61495864, used 39167432, increment 0
FeaturedSpace: max memory 536870912, total allocated 100663296, free 61495864, used 39167432, increment 0
Sequential: max memory 536870912, total allocated 100663296, free 61495864, used 39167432, increment 0
Initial loss: 9.438909179935457
180: time = 0.870000 loss = 9.413790
Resulting gain: 0.025119032863356594
RFBO_2 response curves
Time since start: 40.085
Response curve: only bathy
Making features
makeFeatures: max memory 536870912, total allocated 100663296, free 42128048, used 58535248, increment 19367816
RFBO_2 bathy: 
Regularization values: linear/quadratic/product: 0.050, categorical: 0.250, threshold: 1.000, hinge: 0.500
2758 samples
Density: max memory 536870912, total allocated 100663296, free 40453944, used 60209352, increment 1674104
linearPredictor: max memory 536870912, total allocated 100663296, free 40453944, used 60209352, increment 0
FeaturedSpace: max memory 536870912, total allocated 100663296, free 40453944, used 60209352, increment 0
Sequential: max memory 536870912, total allocated 100663296, free 40453944, used 60209352, increment 0
Initial loss: 9.438909179935457
Time since start: 42.347
360: time = 2.204000 loss = 9.323333
Resulting gain: 0.11557629306130046
RFBO_2 response curves
Response curve: only sst
Making features
makeFeatures: max memory 536870912, total allocated 100663296, free 32872896, used 67790400, increment 7581048
RFBO_2 sst: 
Regularization values: linear/quadratic/product: 0.050, categorical: 0.250, threshold: 1.000, hinge: 0.500
2758 samples
Density: max memory 536870912, total allocated 100663296, free 31541528, used 69121768, increment 1331368
linearPredictor: max memory 536870912, total allocated 100663296, free 31440968, used 69222328, increment 100560
FeaturedSpace: max memory 536870912, total allocated 100663296, free 31440968, used 69222328, increment 0
Sequential: max memory 536870912, total allocated 100663296, free 31440968, used 69222328, increment 0
Initial loss: 9.438909179935457
Time since start: 44.166
360: time = 1.632000 loss = 9.265633
Resulting gain: 0.17327584640462312
RFBO_2 response curves
getSamples: max memory 536870912, total allocated 100663296, free 30362544, used 70300752, increment 1078424
Making features
makeFeatures: max memory 536870912, total allocated 100663296, free 27446416, used 73216880, increment 2916128
RFBO_3: 
Regularization values: linear/quadratic/product: 0.050, categorical: 0.250, threshold: 1.000, hinge: 0.500
2758 samples
Density: max memory 536870912, total allocated 100663296, free 21803672, used 78859624, increment 5642744
linearPredictor: max memory 536870912, total allocated 100663296, free 21803672, used 78859624, increment 0
FeaturedSpace: max memory 536870912, total allocated 100663296, free 21803672, used 78859624, increment 0
Sequential: max memory 536870912, total allocated 100663296, free 21803672, used 78859624, increment 0
Initial loss: 9.438988743924838
Initial test loss: 9.438988743924838
Time since start: 48.695
500: time = 3.588000 loss = 9.011051 testLoss 8.918817
Resulting gain: 0.4279374277360706
Projecting...
Writing file analysis/maxent/KPC/crw/RFBO_3.csv
RFBO_3 response curves
Response curve: only UD
Making features
makeFeatures: max memory 536870912, total allocated 100663296, free 34720320, used 65942976, increment -12916648
RFBO_3 UD: 
Regularization values: linear/quadratic/product: 0.050, categorical: 0.250, threshold: 1.000, hinge: 0.500
2758 samples
Density: max memory 536870912, total allocated 100663296, free 33281752, used 67381544, increment 1438568
linearPredictor: max memory 536870912, total allocated 100663296, free 33142848, used 67520448, increment 138904
FeaturedSpace: max memory 536870912, total allocated 100663296, free 33142848, used 67520448, increment 0
Sequential: max memory 536870912, total allocated 100663296, free 33142848, used 67520448, increment 0
Initial loss: 9.438988743924838
Time since start: 50.428
180: time = 1.050000 loss = 9.229742
Resulting gain: 0.2092469764645486
RFBO_3 response curves
Response curve: only anom
Making features
makeFeatures: max memory 536870912, total allocated 100663296, free 63257096, used 37406200, increment -30114248
RFBO_3 anom: 
Regularization values: linear/quadratic/product: 0.050, categorical: 0.250, threshold: 1.000, hinge: 0.500
2758 samples
Density: max memory 536870912, total allocated 100663296, free 61834552, used 38828744, increment 1422544
linearPredictor: max memory 536870912, total allocated 100663296, free 61733984, used 38929312, increment 100568
FeaturedSpace: max memory 536870912, total allocated 100663296, free 61733984, used 38929312, increment 0
Sequential: max memory 536870912, total allocated 100663296, free 61733984, used 38929312, increment 0
Initial loss: 9.438988743924838
180: time = 0.675000 loss = 9.414488
Resulting gain: 0.02450046107467152
RFBO_3 response curves
Response curve: only bathy
Making features
makeFeatures: max memory 536870912, total allocated 100663296, free 42743208, used 57920088, increment 18990776
RFBO_3 bathy: 
Regularization values: linear/quadratic/product: 0.050, categorical: 0.250, threshold: 1.000, hinge: 0.500
2758 samples
Density: max memory 536870912, total allocated 100663296, free 41192360, used 59470936, increment 1550848
linearPredictor: max memory 536870912, total allocated 100663296, free 41091792, used 59571504, increment 100568
FeaturedSpace: max memory 536870912, total allocated 100663296, free 41091792, used 59571504, increment 0
Sequential: max memory 536870912, total allocated 100663296, free 41091792, used 59571504, increment 0
Initial loss: 9.438988743924838
Time since start: 53.155
300: time = 1.891000 loss = 9.322977
Resulting gain: 0.11601156303699867
RFBO_3 response curves
Response curve: only sst
Making features
makeFeatures: max memory 536870912, total allocated 100663296, free 41801448, used 58861848, increment -709656
RFBO_3 sst: 
Regularization values: linear/quadratic/product: 0.050, categorical: 0.250, threshold: 1.000, hinge: 0.500
2758 samples
Density: max memory 536870912, total allocated 100663296, free 40362880, used 60300416, increment 1438568
linearPredictor: max memory 536870912, total allocated 100663296, free 40262312, used 60400984, increment 100568
FeaturedSpace: max memory 536870912, total allocated 100663296, free 40262312, used 60400984, increment 0
Sequential: max memory 536870912, total allocated 100663296, free 40262312, used 60400984, increment 0
Initial loss: 9.438988743924838
Time since start: 54.404
320: time = 1.163000 loss = 9.265849
Resulting gain: 0.17313962511573422
RFBO_3 response curves
getSamples: max memory 536870912, total allocated 100663296, free 48584560, used 52078736, increment -8322248
Making features
makeFeatures: max memory 536870912, total allocated 100663296, free 45651696, used 55011600, increment 2932864
RFBO_4: 
Regularization values: linear/quadratic/product: 0.050, categorical: 0.250, threshold: 1.000, hinge: 0.500
2758 samples
Density: max memory 536870912, total allocated 100663296, free 40047904, used 60615392, increment 5603792
linearPredictor: max memory 536870912, total allocated 100663296, free 40047904, used 60615392, increment 0
FeaturedSpace: max memory 536870912, total allocated 100663296, free 40047904, used 60615392, increment 0
Sequential: max memory 536870912, total allocated 100663296, free 40047904, used 60615392, increment 0
Initial loss: 9.438909179935457
Initial test loss: 9.438909179935457
Time since start: 58.956
500: time = 3.811000 loss = 9.004553 testLoss 9.000136
Resulting gain: 0.4343564281050156
Projecting...
Writing file analysis/maxent/KPC/crw/RFBO_4.csv
RFBO_4 response curves
Response curve: only UD
Making features
makeFeatures: max memory 536870912, total allocated 100663296, free 22998208, used 77665088, increment 17049696
RFBO_4 UD: 
Regularization values: linear/quadratic/product: 0.050, categorical: 0.250, threshold: 1.000, hinge: 0.500
2758 samples
Density: max memory 536870912, total allocated 100663296, free 34072680, used 66590616, increment -11074472
linearPredictor: max memory 536870912, total allocated 100663296, free 34072680, used 66590616, increment 0
FeaturedSpace: max memory 536870912, total allocated 100663296, free 34072680, used 66590616, increment 0
Sequential: max memory 536870912, total allocated 100663296, free 34072680, used 66590616, increment 0
Initial loss: 9.438909179935457
Time since start: 60.771
240: time = 1.307000 loss = 9.230509
Resulting gain: 0.20840042586701735
RFBO_4 response curves
Response curve: only anom
Making features
makeFeatures: max memory 536870912, total allocated 100663296, free 63530264, used 37133032, increment -29457584
RFBO_4 anom: 
Regularization values: linear/quadratic/product: 0.050, categorical: 0.250, threshold: 1.000, hinge: 0.500
2758 samples
Density: max memory 536870912, total allocated 100663296, free 61934512, used 38728784, increment 1595752
linearPredictor: max memory 536870912, total allocated 100663296, free 61934512, used 38728784, increment 0
FeaturedSpace: max memory 536870912, total allocated 100663296, free 61934512, used 38728784, increment 0
Sequential: max memory 536870912, total allocated 100663296, free 61934512, used 38728784, increment 0
Initial loss: 9.438909179935457
160: time = 0.626000 loss = 9.414438
Resulting gain: 0.02447141330274505
RFBO_4 response curves
Response curve: only bathy
Making features
makeFeatures: max memory 536870912, total allocated 100663296, free 44658552, used 56004744, increment 17275960
RFBO_4 bathy: 
Regularization values: linear/quadratic/product: 0.050, categorical: 0.250, threshold: 1.000, hinge: 0.500
2758 samples
Density: max memory 536870912, total allocated 100663296, free 43291720, used 57371576, increment 1366832
linearPredictor: max memory 536870912, total allocated 100663296, free 43191160, used 57472136, increment 100560
FeaturedSpace: max memory 536870912, total allocated 100663296, free 43191160, used 57472136, increment 0
Sequential: max memory 536870912, total allocated 100663296, free 43191160, used 57472136, increment 0
Initial loss: 9.438909179935457
Time since start: 63.752
340: time = 2.172000 loss = 9.321834
Resulting gain: 0.11707525302545996
RFBO_4 response curves
Response curve: only sst
Making features
makeFeatures: max memory 536870912, total allocated 100663296, free 32560928, used 68102368, increment 10630232
RFBO_4 sst: 
Regularization values: linear/quadratic/product: 0.050, categorical: 0.250, threshold: 1.000, hinge: 0.500
2758 samples
Density: max memory 536870912, total allocated 100663296, free 31587368, used 69075928, increment 973560
linearPredictor: max memory 536870912, total allocated 100663296, free 31124400, used 69538896, increment 462968
FeaturedSpace: max memory 536870912, total allocated 100663296, free 31124400, used 69538896, increment 0
Sequential: max memory 536870912, total allocated 100663296, free 31124400, used 69538896, increment 0
Initial loss: 9.438909179935457
Time since start: 65.027
320: time = 1.181000 loss = 9.261880
Resulting gain: 0.1770286962572296
RFBO_4 response curves
getSamples: max memory 536870912, total allocated 100663296, free 42504352, used 58158944, increment -11379952
Making features
makeFeatures: max memory 536870912, total allocated 100663296, free 39784384, used 60878912, increment 2719968
RFBO_5: 
Regularization values: linear/quadratic/product: 0.050, categorical: 0.250, threshold: 1.000, hinge: 0.500
2759 samples
Density: max memory 536870912, total allocated 100663296, free 34541504, used 66121792, increment 5242880
linearPredictor: max memory 536870912, total allocated 100663296, free 34440928, used 66222368, increment 100576
FeaturedSpace: max memory 536870912, total allocated 100663296, free 34440928, used 66222368, increment 0
Sequential: max memory 536870912, total allocated 100663296, free 34440928, used 66222368, increment 0
Initial loss: 9.439068301584292
Initial test loss: 9.439068301584292
Time since start: 68.871
500: time = 3.065000 loss = 9.012756 testLoss 8.895672
Resulting gain: 0.4263120562120495
Projecting...
Writing file analysis/maxent/KPC/crw/RFBO_5.csv
RFBO_5 response curves
Response curve: only UD
Making features
makeFeatures: max memory 536870912, total allocated 100663296, free 26173248, used 74490048, increment 8267680
RFBO_5 UD: 
Regularization values: linear/quadratic/product: 0.050, categorical: 0.250, threshold: 1.000, hinge: 0.500
2759 samples
Density: max memory 536870912, total allocated 100663296, free 24661184, used 76002112, increment 1512064
linearPredictor: max memory 536870912, total allocated 100663296, free 24661184, used 76002112, increment 0
FeaturedSpace: max memory 536870912, total allocated 100663296, free 24661184, used 76002112, increment 0
Sequential: max memory 536870912, total allocated 100663296, free 24661184, used 76002112, increment 0
Initial loss: 9.439068301584292
Time since start: 70.6
340: time = 1.256000 loss = 9.232749
Resulting gain: 0.20631904733159345
RFBO_5 response curves
Response curve: only anom
Making features
makeFeatures: max memory 536870912, total allocated 100663296, free 42754552, used 57908744, increment -18093368
RFBO_5 anom: 
Regularization values: linear/quadratic/product: 0.050, categorical: 0.250, threshold: 1.000, hinge: 0.500
2759 samples
Density: max memory 536870912, total allocated 100663296, free 41365456, used 59297840, increment 1389096
linearPredictor: max memory 536870912, total allocated 100663296, free 41264880, used 59398416, increment 100576
FeaturedSpace: max memory 536870912, total allocated 100663296, free 41264880, used 59398416, increment 0
Sequential: max memory 536870912, total allocated 100663296, free 41264880, used 59398416, increment 0
Initial loss: 9.439068301584292
140: time = 0.465000 loss = 9.414628
Resulting gain: 0.024440557532667384
RFBO_5 response curves
Response curve: only bathy
Making features
makeFeatures: max memory 536870912, total allocated 100663296, free 53131904, used 47531392, increment -11867024
RFBO_5 bathy: 
Regularization values: linear/quadratic/product: 0.050, categorical: 0.250, threshold: 1.000, hinge: 0.500
2759 samples
Density: max memory 536870912, total allocated 100663296, free 51318784, used 49344512, increment 1813120
linearPredictor: max memory 536870912, total allocated 100663296, free 51318784, used 49344512, increment 0
FeaturedSpace: max memory 536870912, total allocated 100663296, free 51318784, used 49344512, increment 0
Sequential: max memory 536870912, total allocated 100663296, free 51318784, used 49344512, increment 0
Initial loss: 9.439068301584292
Time since start: 72.905
340: time = 1.696000 loss = 9.320826
Resulting gain: 0.11824249363833417
RFBO_5 response curves
Response curve: only sst
Making features
makeFeatures: max memory 536870912, total allocated 100663296, free 46106208, used 54557088, increment 5212576
RFBO_5 sst: 
Regularization values: linear/quadratic/product: 0.050, categorical: 0.250, threshold: 1.000, hinge: 0.500
2759 samples
Density: max memory 536870912, total allocated 100663296, free 44870160, used 55793136, increment 1236048
linearPredictor: max memory 536870912, total allocated 100663296, free 44769584, used 55893712, increment 100576
FeaturedSpace: max memory 536870912, total allocated 100663296, free 44769584, used 55893712, increment 0
Sequential: max memory 536870912, total allocated 100663296, free 44769584, used 55893712, increment 0
Initial loss: 9.439068301584292
Time since start: 74.288
400: time = 1.304000 loss = 9.266798
Resulting gain: 0.17227028315279114
RFBO_5 response curves
getSamples: max memory 536870912, total allocated 100663296, free 17597440, used 83065856, increment 27172144
Making features
makeFeatures: max memory 536870912, total allocated 100663296, free 44148576, used 56514720, increment -26551136
RFBO_6: 
Regularization values: linear/quadratic/product: 0.050, categorical: 0.250, threshold: 1.000, hinge: 0.500
2759 samples
Density: max memory 536870912, total allocated 100663296, free 38998200, used 61665096, increment 5150376
linearPredictor: max memory 536870912, total allocated 100663296, free 38897632, used 61765664, increment 100568
FeaturedSpace: max memory 536870912, total allocated 100663296, free 38897632, used 61765664, increment 0
Sequential: max memory 536870912, total allocated 100663296, free 38897632, used 61765664, increment 0
Initial loss: 9.438988743924838
Initial test loss: 9.438988743924838
Time since start: 78.613
500: time = 3.544000 loss = 9.003582 testLoss 9.023567
Resulting gain: 0.43540683299276495
Projecting...
Writing file analysis/maxent/KPC/crw/RFBO_6.csv
RFBO_6 response curves
Response curve: only UD
Making features
makeFeatures: max memory 536870912, total allocated 100663296, free 61738056, used 38925240, increment -22840424
RFBO_6 UD: 
Regularization values: linear/quadratic/product: 0.050, categorical: 0.250, threshold: 1.000, hinge: 0.500
2759 samples
Density: max memory 536870912, total allocated 100663296, free 67627048, used 33036248, increment -5888992
linearPredictor: max memory 536870912, total allocated 100663296, free 67526480, used 33136816, increment 100568
FeaturedSpace: max memory 536870912, total allocated 100663296, free 67526480, used 33136816, increment 0
Sequential: max memory 536870912, total allocated 100663296, free 67526480, used 33136816, increment 0
Initial loss: 9.438988743924838
Time since start: 80.401
200: time = 1.131000 loss = 9.226200
Resulting gain: 0.2127892096059547
RFBO_6 response curves
Response curve: only anom
Making features
makeFeatures: max memory 536870912, total allocated 100663296, free 53617712, used 47045584, increment 13908768
RFBO_6 anom: 
Regularization values: linear/quadratic/product: 0.050, categorical: 0.250, threshold: 1.000, hinge: 0.500
2759 samples
Density: max memory 536870912, total allocated 100663296, free 52443016, used 48220280, increment 1174696
linearPredictor: max memory 536870912, total allocated 100663296, free 52342448, used 48320848, increment 100568
FeaturedSpace: max memory 536870912, total allocated 100663296, free 52342448, used 48320848, increment 0
Sequential: max memory 536870912, total allocated 100663296, free 52342448, used 48320848, increment 0
Initial loss: 9.438988743924838
140: time = 0.531000 loss = 9.413884
Resulting gain: 0.02510506126127332
RFBO_6 response curves
Response curve: only bathy
Making features
makeFeatures: max memory 536870912, total allocated 100663296, free 36324992, used 64338304, increment 16017456
RFBO_6 bathy: 
Regularization values: linear/quadratic/product: 0.050, categorical: 0.250, threshold: 1.000, hinge: 0.500
2759 samples
Density: max memory 536870912, total allocated 100663296, free 60666744, used 39996552, increment -24341752
linearPredictor: max memory 536870912, total allocated 100663296, free 60473720, used 40189576, increment 193024
FeaturedSpace: max memory 536870912, total allocated 100663296, free 60473720, used 40189576, increment 0
Sequential: max memory 536870912, total allocated 100663296, free 60473720, used 40189576, increment 0
Initial loss: 9.438988743924838
Time since start: 83.238
360: time = 2.147000 loss = 9.321306
Resulting gain: 0.11768239923482682
RFBO_6 response curves
Response curve: only sst
Making features
makeFeatures: max memory 536870912, total allocated 100663296, free 47337552, used 53325744, increment 13136168
RFBO_6 sst: 
Regularization values: linear/quadratic/product: 0.050, categorical: 0.250, threshold: 1.000, hinge: 0.500
2759 samples
Density: max memory 536870912, total allocated 100663296, free 45736488, used 54926808, increment 1601064
linearPredictor: max memory 536870912, total allocated 100663296, free 45736488, used 54926808, increment 0
FeaturedSpace: max memory 536870912, total allocated 100663296, free 45736488, used 54926808, increment 0
Sequential: max memory 536870912, total allocated 100663296, free 45736488, used 54926808, increment 0
Initial loss: 9.438988743924838
Time since start: 84.872
360: time = 1.560000 loss = 9.263995
Resulting gain: 0.17499414394101898
RFBO_6 response curves
getSamples: max memory 536870912, total allocated 100663296, free 22458880, used 78204416, increment 23277608
Making features
makeFeatures: max memory 536870912, total allocated 100663296, free 19690016, used 80973280, increment 2768864
RFBO_7: 
Regularization values: linear/quadratic/product: 0.050, categorical: 0.250, threshold: 1.000, hinge: 0.500
2759 samples
Density: max memory 536870912, total allocated 100663296, free 41711408, used 58951888, increment -22021392
linearPredictor: max memory 536870912, total allocated 100663296, free 41610832, used 59052464, increment 100576
FeaturedSpace: max memory 536870912, total allocated 100663296, free 41610832, used 59052464, increment 0
Sequential: max memory 536870912, total allocated 100663296, free 41610832, used 59052464, increment 0
Initial loss: 9.439068301584292
Initial test loss: 9.439068301584292
Time since start: 89.008
500: time = 3.472000 loss = 9.006463 testLoss 9.000207
Resulting gain: 0.43260484445367986
Projecting...
Writing file analysis/maxent/KPC/crw/RFBO_7.csv
RFBO_7 response curves
Response curve: only UD
Making features
makeFeatures: max memory 536870912, total allocated 100663296, free 24537880, used 76125416, increment 17072952
RFBO_7 UD: 
Regularization values: linear/quadratic/product: 0.050, categorical: 0.250, threshold: 1.000, hinge: 0.500
2759 samples
Density: max memory 536870912, total allocated 100663296, free 38682464, used 61980832, increment -14144584
linearPredictor: max memory 536870912, total allocated 100663296, free 38682464, used 61980832, increment 0
FeaturedSpace: max memory 536870912, total allocated 100663296, free 38682464, used 61980832, increment 0
Sequential: max memory 536870912, total allocated 100663296, free 38682464, used 61980832, increment 0
Initial loss: 9.439068301584292
Time since start: 90.689
280: time = 1.164000 loss = 9.226804
Resulting gain: 0.21226428781309892
RFBO_7 response curves
Response curve: only anom
Making features
makeFeatures: max memory 536870912, total allocated 100663296, free 61464064, used 39199232, increment -22781600
RFBO_7 anom: 
Regularization values: linear/quadratic/product: 0.050, categorical: 0.250, threshold: 1.000, hinge: 0.500
2759 samples
Density: max memory 536870912, total allocated 100663296, free 60338408, used 40324888, increment 1125656
linearPredictor: max memory 536870912, total allocated 100663296, free 60237832, used 40425464, increment 100576
FeaturedSpace: max memory 536870912, total allocated 100663296, free 60237832, used 40425464, increment 0
Sequential: max memory 536870912, total allocated 100663296, free 60237832, used 40425464, increment 0
Initial loss: 9.439068301584292
180: time = 0.587000 loss = 9.414361
Resulting gain: 0.02470763051107383
RFBO_7 response curves
Response curve: only bathy
Making features
makeFeatures: max memory 536870912, total allocated 100663296, free 41434200, used 59229096, increment 18803632
RFBO_7 bathy: 
Regularization values: linear/quadratic/product: 0.050, categorical: 0.250, threshold: 1.000, hinge: 0.500
2759 samples
Density: max memory 536870912, total allocated 100663296, free 39954560, used 60708736, increment 1479640
linearPredictor: max memory 536870912, total allocated 100663296, free 39853984, used 60809312, increment 100576
FeaturedSpace: max memory 536870912, total allocated 100663296, free 39853984, used 60809312, increment 0
Sequential: max memory 536870912, total allocated 100663296, free 39853984, used 60809312, increment 0
Initial loss: 9.439068301584292
Time since start: 93.174
340: time = 1.762000 loss = 9.320839
Resulting gain: 0.1182294727563562
RFBO_7 response curves
Response curve: only sst
Making features
makeFeatures: max memory 536870912, total allocated 100663296, free 47579136, used 53084160, increment -7725152
RFBO_7 sst: 
Regularization values: linear/quadratic/product: 0.050, categorical: 0.250, threshold: 1.000, hinge: 0.500
2759 samples
Density: max memory 536870912, total allocated 100663296, free 46140576, used 54522720, increment 1438560
linearPredictor: max memory 536870912, total allocated 100663296, free 46140576, used 54522720, increment 0
FeaturedSpace: max memory 536870912, total allocated 100663296, free 46140576, used 54522720, increment 0
Sequential: max memory 536870912, total allocated 100663296, free 46140576, used 54522720, increment 0
Initial loss: 9.439068301584292
Time since start: 94.485
380: time = 1.249000 loss = 9.263450
Resulting gain: 0.17561823230425233
RFBO_7 response curves
getSamples: max memory 536870912, total allocated 100663296, free 22480896, used 78182400, increment 23659680
Making features
makeFeatures: max memory 536870912, total allocated 100663296, free 19903640, used 80759656, increment 2577256
RFBO_8: 
Regularization values: linear/quadratic/product: 0.050, categorical: 0.250, threshold: 1.000, hinge: 0.500
2759 samples
Density: max memory 536870912, total allocated 100663296, free 41955368, used 58707928, increment -22051728
linearPredictor: max memory 536870912, total allocated 100663296, free 41854792, used 58808504, increment 100576
FeaturedSpace: max memory 536870912, total allocated 100663296, free 41854792, used 58808504, increment 0
Sequential: max memory 536870912, total allocated 100663296, free 41854792, used 58808504, increment 0
Initial loss: 9.439068301584292
Initial test loss: 9.439068301584292
Time since start: 98.566
500: time = 3.448000 loss = 9.007607 testLoss 8.970713
Resulting gain: 0.4314615117705731
Projecting...
Writing file analysis/maxent/KPC/crw/RFBO_8.csv
RFBO_8 response curves
Response curve: only UD
Making features
makeFeatures: max memory 536870912, total allocated 100663296, free 36054688, used 64608608, increment 5800104
RFBO_8 UD: 
Regularization values: linear/quadratic/product: 0.050, categorical: 0.250, threshold: 1.000, hinge: 0.500
2759 samples
Density: max memory 536870912, total allocated 100663296, free 34731368, used 65931928, increment 1323320
linearPredictor: max memory 536870912, total allocated 100663296, free 34630792, used 66032504, increment 100576
FeaturedSpace: max memory 536870912, total allocated 100663296, free 34630792, used 66032504, increment 0
Sequential: max memory 536870912, total allocated 100663296, free 34630792, used 66032504, increment 0
Initial loss: 9.439068301584292
Time since start: 100.142
280: time = 1.084000 loss = 9.231027
Resulting gain: 0.20804153724944108
RFBO_8 response curves
Response curve: only anom
Making features
makeFeatures: max memory 536870912, total allocated 100663296, free 53263392, used 47399904, increment -18632600
RFBO_8 anom: 
Regularization values: linear/quadratic/product: 0.050, categorical: 0.250, threshold: 1.000, hinge: 0.500
2759 samples
Density: max memory 536870912, total allocated 100663296, free 52036272, used 48627024, increment 1227120
linearPredictor: max memory 536870912, total allocated 100663296, free 51935696, used 48727600, increment 100576
FeaturedSpace: max memory 536870912, total allocated 100663296, free 51935696, used 48727600, increment 0
Sequential: max memory 536870912, total allocated 100663296, free 51935696, used 48727600, increment 0
Initial loss: 9.439068301584292
160: time = 0.511000 loss = 9.414433
Resulting gain: 0.02463571374349449
RFBO_8 response curves
Response curve: only bathy
Making features
makeFeatures: max memory 536870912, total allocated 100663296, free 34859264, used 65804032, increment 17076432
RFBO_8 bathy: 
Regularization values: linear/quadratic/product: 0.050, categorical: 0.250, threshold: 1.000, hinge: 0.500
2759 samples
Density: max memory 536870912, total allocated 100663296, free 59904184, used 40759112, increment -25044920
linearPredictor: max memory 536870912, total allocated 100663296, free 59904184, used 40759112, increment 0
FeaturedSpace: max memory 536870912, total allocated 100663296, free 59904184, used 40759112, increment 0
Sequential: max memory 536870912, total allocated 100663296, free 59904184, used 40759112, increment 0
Initial loss: 9.439068301584292
Time since start: 102.476
300: time = 1.666000 loss = 9.323478
Resulting gain: 0.11559028067092392
RFBO_8 response curves
Response curve: only sst
Making features
makeFeatures: max memory 536870912, total allocated 100663296, free 49380368, used 51282928, increment 10523816
RFBO_8 sst: 
Regularization values: linear/quadratic/product: 0.050, categorical: 0.250, threshold: 1.000, hinge: 0.500
2759 samples
Density: max memory 536870912, total allocated 100663296, free 47960896, used 52702400, increment 1419472
linearPredictor: max memory 536870912, total allocated 100663296, free 47860320, used 52802976, increment 100576
FeaturedSpace: max memory 536870912, total allocated 100663296, free 47860320, used 52802976, increment 0
Sequential: max memory 536870912, total allocated 100663296, free 47860320, used 52802976, increment 0
Initial loss: 9.439068301584292
Time since start: 103.625
300: time = 1.068000 loss = 9.267699
Resulting gain: 0.17136938553553094
RFBO_8 response curves
getSamples: max memory 536870912, total allocated 100663296, free 30006272, used 70657024, increment 17854048
Making features
makeFeatures: max memory 536870912, total allocated 100663296, free 27422064, used 73241232, increment 2584208
RFBO_9: 
Regularization values: linear/quadratic/product: 0.050, categorical: 0.250, threshold: 1.000, hinge: 0.500
2759 samples
Density: max memory 536870912, total allocated 100663296, free 22144000, used 78519296, increment 5278064
linearPredictor: max memory 536870912, total allocated 100663296, free 22043400, used 78619896, increment 100600
FeaturedSpace: max memory 536870912, total allocated 100663296, free 22043400, used 78619896, increment 0
Sequential: max memory 536870912, total allocated 100663296, free 22043400, used 78619896, increment 0
Initial loss: 9.439306936593182
Initial test loss: 9.439306936593182
Time since start: 108.146
500: time = 3.871000 loss = 9.005649 testLoss 9.017867
Resulting gain: 0.4336580751187178
Projecting...
Writing file analysis/maxent/KPC/crw/RFBO_9.csv
RFBO_9 response curves
Response curve: only UD
Making features
makeFeatures: max memory 536870912, total allocated 100663296, free 23788512, used 76874784, increment -1745112
RFBO_9 UD: 
Regularization values: linear/quadratic/product: 0.050, categorical: 0.250, threshold: 1.000, hinge: 0.500
2759 samples
Density: max memory 536870912, total allocated 100663296, free 38017496, used 62645800, increment -14228984
linearPredictor: max memory 536870912, total allocated 100663296, free 38017496, used 62645800, increment 0
FeaturedSpace: max memory 536870912, total allocated 100663296, free 38017496, used 62645800, increment 0
Sequential: max memory 536870912, total allocated 100663296, free 38017496, used 62645800, increment 0
Initial loss: 9.439306936593182
Time since start: 109.413
120: time = 0.710000 loss = 9.230054
Resulting gain: 0.20925267990756247
RFBO_9 response curves
Response curve: only anom
Making features
makeFeatures: max memory 536870912, total allocated 100663296, free 58438624, used 42224672, increment -20421128
RFBO_9 anom: 
Regularization values: linear/quadratic/product: 0.050, categorical: 0.250, threshold: 1.000, hinge: 0.500
2759 samples
Density: max memory 536870912, total allocated 100663296, free 57230992, used 43432304, increment 1207632
linearPredictor: max memory 536870912, total allocated 100663296, free 57130392, used 43532904, increment 100600
FeaturedSpace: max memory 536870912, total allocated 100663296, free 57130392, used 43532904, increment 0
Sequential: max memory 536870912, total allocated 100663296, free 57130392, used 43532904, increment 0
Initial loss: 9.439306936593182
160: time = 0.694000 loss = 9.414523
Resulting gain: 0.024784236075992894
RFBO_9 response curves
Response curve: only bathy
Making features
makeFeatures: max memory 536870912, total allocated 100663296, free 39430752, used 61232544, increment 17699640
RFBO_9 bathy: 
Regularization values: linear/quadratic/product: 0.050, categorical: 0.250, threshold: 1.000, hinge: 0.500
2759 samples
Density: max memory 536870912, total allocated 100663296, free 37983160, used 62680136, increment 1447592
linearPredictor: max memory 536870912, total allocated 100663296, free 37983160, used 62680136, increment 0
FeaturedSpace: max memory 536870912, total allocated 100663296, free 37983160, used 62680136, increment 0
Sequential: max memory 536870912, total allocated 100663296, free 37983160, used 62680136, increment 0
Initial loss: 9.439306936593182
Time since start: 112.577
420: time = 2.314000 loss = 9.326786
Resulting gain: 0.11252142203554882
RFBO_9 response curves
Response curve: only sst
Making features
makeFeatures: max memory 536870912, total allocated 100663296, free 45789768, used 54873528, increment -7806608
RFBO_9 sst: 
Regularization values: linear/quadratic/product: 0.050, categorical: 0.250, threshold: 1.000, hinge: 0.500
2759 samples
Density: max memory 536870912, total allocated 100663296, free 44441848, used 56221448, increment 1347920
linearPredictor: max memory 536870912, total allocated 100663296, free 44341248, used 56322048, increment 100600
FeaturedSpace: max memory 536870912, total allocated 100663296, free 44341248, used 56322048, increment 0
Sequential: max memory 536870912, total allocated 100663296, free 44341248, used 56322048, increment 0
Initial loss: 9.439306936593182
Time since start: 114.466
420: time = 1.802000 loss = 9.257252
Resulting gain: 0.18205483149617052
RFBO_9 response curves
Reading file kpc_background.csv
readGrid: max memory 536870912, total allocated 100663296, free 43525608, used 57137688, increment 815640
Reading file kpc_background.csv
readGrid: max memory 536870912, total allocated 100663296, free 37990824, used 62672472, increment 5534784
Reading file kpc_background.csv
readGrid: max memory 536870912, total allocated 100663296, free 33351632, used 67311664, increment 4639192
Reading file kpc_background.csv
readGrid: max memory 536870912, total allocated 100663296, free 30341536, used 70321760, increment 3010096
Reading file kpc_background.csv
readGrid: max memory 536870912, total allocated 188743680, free 111668704, used 77074976, increment 6753216
Time since start: 115.581
Reading file kpc_background.csv
readGrid: max memory 536870912, total allocated 188743680, free 81913472, used 106830208, increment 29755232
Reading file kpc_background.csv
readGrid: max memory 536870912, total allocated 188743680, free 70511584, used 118232096, increment 11401888
Reading file kpc_background.csv
readGrid: max memory 536870912, total allocated 188743680, free 64010280, used 124733400, increment 6501304
Reading file kpc_background.csv
readGrid: max memory 536870912, total allocated 270532608, free 140654016, used 129878592, increment 5145192
Reading file kpc_background.csv
readGrid: max memory 536870912, total allocated 270532608, free 166289888, used 104242720, increment -25635872
Creating average grid, stddev grid etc.
Writing file analysis/maxent/KPC/crw/RFBO_avg.csv
Writing file analysis/maxent/KPC/crw/RFBO_stddev.csv
Writing file analysis/maxent/KPC/crw/RFBO_min.csv
Writing file analysis/maxent/KPC/crw/RFBO_max.csv
Writing file analysis/maxent/KPC/crw/RFBO_median.csv
Time since start: 116.809
RFBO average response curves
Ending
