Sat Apr 21 19:39:40 PDT 2018
MaxEnt version 3.4.1
Reading file kpc_background.csv
readGrid: max memory 536870912, total allocated 67108864, free 40139992, used 26968872, increment 26968872
Reading samples from rfbo_accessible.csv
Read samples: max memory 536870912, total allocated 67108864, free 59108664, used 8000200, increment -18968672
Adding samples to background in feature space
Command line used:  environmentallayers=data/out/Presences/kpc_background.csv samplesfile=data/out/Presences/rfbo_accessible.csv outputdirectory=analysis/maxent/KPC/d2c togglelayerselected=LocDate togglelayerselected=Ert togglelayerselected=UD outputformat=raw replicates=10 redoifexists autorun responsecurves writeplotdata
Command line to repeat: java density.MaxEnt nowarnings noprefixes responsecurves outputformat=raw outputdirectory=analysis/maxent/KPC/d2c samplesfile=data/out/Presences/rfbo_accessible.csv environmentallayers=data/out/Presences/kpc_background.csv noaskoverwrite replicates=10 autorun writeplotdata -N Ert -N LocDate -N UD
Species: RFBO_0 RFBO_1 RFBO_2 RFBO_3 RFBO_4 RFBO_5 RFBO_6 RFBO_7 RFBO_8 RFBO_9
Layers: D2C anom bathy sst
Layertypes: Continuous Continuous Continuous Continuous
responsecurves: true
outputformat: raw
outputdirectory: analysis/maxent/KPC/d2c
samplesfile: data/out/Presences/rfbo_accessible.csv
environmentallayers: data/out/Presences/kpc_background.csv
askoverwrite: false
replicates: 10
autorun: true
writeplotdata: true

getSamples: max memory 536870912, total allocated 67108864, free 25031992, used 42076872, increment 34076672
Making features
makeFeatures: max memory 536870912, total allocated 67108864, free 56454208, used 10654656, increment -31422216
RFBO_0: 
Regularization values: linear/quadratic/product: 0.050, categorical: 0.250, threshold: 1.000, hinge: 0.500
Time since start: 1.255
2758 samples
Density: max memory 536870912, total allocated 67108864, free 46973952, used 20134912, increment 9480256
linearPredictor: max memory 536870912, total allocated 67108864, free 46873288, used 20235576, increment 100664
FeaturedSpace: max memory 536870912, total allocated 67108864, free 46873288, used 20235576, increment 0
Sequential: max memory 536870912, total allocated 67108864, free 46349000, used 20759864, increment 524288
Initial loss: 9.439943018351132
Initial test loss: 9.439943018351132
Time since start: 8.18
500: time = 6.793000 loss = 8.958108 testLoss 8.874264
Resulting gain: 0.4818351347146006
Time since start: 9.41
Projecting...
Writing file analysis/maxent/KPC/d2c/RFBO_0.csv
RFBO_0 response curves
Response curve: only D2C
Making features
makeFeatures: max memory 536870912, total allocated 83886080, free 41523200, used 42362880, increment 21603016
RFBO_0 D2C: 
Regularization values: linear/quadratic/product: 0.050, categorical: 0.250, threshold: 1.000, hinge: 0.500
2758 samples
Density: max memory 536870912, total allocated 83886080, free 36517424, used 47368656, increment 5005776
linearPredictor: max memory 536870912, total allocated 83886080, free 36517424, used 47368656, increment 0
FeaturedSpace: max memory 536870912, total allocated 83886080, free 36517424, used 47368656, increment 0
Sequential: max memory 536870912, total allocated 83886080, free 36517424, used 47368656, increment 0
Initial loss: 9.439943018351132
Time since start: 12.598
300: time = 2.515000 loss = 9.177566
Resulting gain: 0.2623773639074205
RFBO_0 response curves
Response curve: only anom
Making features
makeFeatures: max memory 536870912, total allocated 83886080, free 40512448, used 43373632, increment -3995024
RFBO_0 anom: 
Regularization values: linear/quadratic/product: 0.050, categorical: 0.250, threshold: 1.000, hinge: 0.500
2758 samples
Density: max memory 536870912, total allocated 83886080, free 39004056, used 44882024, increment 1508392
linearPredictor: max memory 536870912, total allocated 83886080, free 39004056, used 44882024, increment 0
FeaturedSpace: max memory 536870912, total allocated 83886080, free 39004056, used 44882024, increment 0
Sequential: max memory 536870912, total allocated 83886080, free 39004056, used 44882024, increment 0
Initial loss: 9.439943018351132
160: time = 0.664000 loss = 9.415508
Resulting gain: 0.02443491017359989
RFBO_0 response curves
Response curve: only bathy
Making features
makeFeatures: max memory 536870912, total allocated 83886080, free 36859656, used 47026424, increment 2144400
RFBO_0 bathy: 
Regularization values: linear/quadratic/product: 0.050, categorical: 0.250, threshold: 1.000, hinge: 0.500
2758 samples
Density: max memory 536870912, total allocated 83886080, free 34725376, used 49160704, increment 2134280
linearPredictor: max memory 536870912, total allocated 83886080, free 34624712, used 49261368, increment 100664
FeaturedSpace: max memory 536870912, total allocated 83886080, free 34624712, used 49261368, increment 0
Sequential: max memory 536870912, total allocated 83886080, free 34624712, used 49261368, increment 0
Initial loss: 9.439943018351132
Time since start: 16.142
340: time = 2.554000 loss = 9.323961
Resulting gain: 0.11598248384013488
RFBO_0 response curves
Response curve: only sst
Making features
makeFeatures: max memory 536870912, total allocated 83886080, free 40296392, used 43589688, increment -5671680
RFBO_0 sst: 
Regularization values: linear/quadratic/product: 0.050, categorical: 0.250, threshold: 1.000, hinge: 0.500
2758 samples
Density: max memory 536870912, total allocated 83886080, free 38570424, used 45315656, increment 1725968
linearPredictor: max memory 536870912, total allocated 83886080, free 38570424, used 45315656, increment 0
FeaturedSpace: max memory 536870912, total allocated 83886080, free 38570424, used 45315656, increment 0
Sequential: max memory 536870912, total allocated 83886080, free 38570424, used 45315656, increment 0
Initial loss: 9.439943018351132
Time since start: 17.882
340: time = 1.516000 loss = 9.266722
Resulting gain: 0.17322064843452978
RFBO_0 response curves
getSamples: max memory 536870912, total allocated 83886080, free 35396408, used 48489672, increment 3174016
Making features
makeFeatures: max memory 536870912, total allocated 83886080, free 32540648, used 51345432, increment 2855760
RFBO_1: 
Regularization values: linear/quadratic/product: 0.050, categorical: 0.250, threshold: 1.000, hinge: 0.500
2758 samples
Density: max memory 536870912, total allocated 83886080, free 22813512, used 61072568, increment 9727136
linearPredictor: max memory 536870912, total allocated 83886080, free 22813512, used 61072568, increment 0
FeaturedSpace: max memory 536870912, total allocated 83886080, free 22813512, used 61072568, increment 0
Sequential: max memory 536870912, total allocated 83886080, free 22813512, used 61072568, increment 0
Initial loss: 9.439943018351132
Initial test loss: 9.439943018351132
Time since start: 24.093
500: time = 5.251000 loss = 8.950904 testLoss 8.960373
Resulting gain: 0.4890387876358506
Projecting...
Writing file analysis/maxent/KPC/d2c/RFBO_1.csv
RFBO_1 response curves
Response curve: only D2C
Making features
makeFeatures: max memory 536870912, total allocated 124780544, free 56167256, used 68613288, increment 7540720
RFBO_1 D2C: 
Regularization values: linear/quadratic/product: 0.050, categorical: 0.250, threshold: 1.000, hinge: 0.500
2758 samples
Density: max memory 536870912, total allocated 124780544, free 52753800, used 72026744, increment 3413456
linearPredictor: max memory 536870912, total allocated 124780544, free 52753800, used 72026744, increment 0
FeaturedSpace: max memory 536870912, total allocated 124780544, free 52753800, used 72026744, increment 0
Sequential: max memory 536870912, total allocated 124780544, free 52753800, used 72026744, increment 0
Initial loss: 9.439943018351132
Time since start: 27.282
260: time = 2.397000 loss = 9.171521
Resulting gain: 0.268422388645142
RFBO_1 response curves
Response curve: only anom
Making features
makeFeatures: max memory 536870912, total allocated 124780544, free 34531928, used 90248616, increment 18221872
RFBO_1 anom: 
Regularization values: linear/quadratic/product: 0.050, categorical: 0.250, threshold: 1.000, hinge: 0.500
2758 samples
Density: max memory 536870912, total allocated 124780544, free 33019328, used 91761216, increment 1512600
linearPredictor: max memory 536870912, total allocated 124780544, free 33019328, used 91761216, increment 0
FeaturedSpace: max memory 536870912, total allocated 124780544, free 33019328, used 91761216, increment 0
Sequential: max memory 536870912, total allocated 124780544, free 33019328, used 91761216, increment 0
Initial loss: 9.439943018351132
Time since start: 28.31
180: time = 0.927000 loss = 9.415615
Resulting gain: 0.024328189871482664
RFBO_1 response curves
Response curve: only bathy
Making features
makeFeatures: max memory 536870912, total allocated 124780544, free 46153560, used 78626984, increment -13134232
RFBO_1 bathy: 
Regularization values: linear/quadratic/product: 0.050, categorical: 0.250, threshold: 1.000, hinge: 0.500
2758 samples
Density: max memory 536870912, total allocated 124780544, free 44129792, used 80650752, increment 2023768
linearPredictor: max memory 536870912, total allocated 124780544, free 44129792, used 80650752, increment 0
FeaturedSpace: max memory 536870912, total allocated 124780544, free 44129792, used 80650752, increment 0
Sequential: max memory 536870912, total allocated 124780544, free 44129792, used 80650752, increment 0
Initial loss: 9.439943018351132
Time since start: 31.608
400: time = 3.195000 loss = 9.325000
Resulting gain: 0.11494341369903971
RFBO_1 response curves
Response curve: only sst
Making features
makeFeatures: max memory 536870912, total allocated 124780544, free 27318528, used 97462016, increment 16811264
RFBO_1 sst: 
Regularization values: linear/quadratic/product: 0.050, categorical: 0.250, threshold: 1.000, hinge: 0.500
2758 samples
Density: max memory 536870912, total allocated 124780544, free 25754776, used 99025768, increment 1563752
linearPredictor: max memory 536870912, total allocated 124780544, free 25754776, used 99025768, increment 0
FeaturedSpace: max memory 536870912, total allocated 124780544, free 25754776, used 99025768, increment 0
Sequential: max memory 536870912, total allocated 124780544, free 25754776, used 99025768, increment 0
Initial loss: 9.439943018351132
Time since start: 33.111
320: time = 1.433000 loss = 9.262119
Resulting gain: 0.17782407114144583
RFBO_1 response curves
getSamples: max memory 536870912, total allocated 124780544, free 22274864, used 102505680, increment 3479912
Making features
makeFeatures: max memory 536870912, total allocated 124780544, free 19426104, used 105354440, increment 2848760
RFBO_2: 
Regularization values: linear/quadratic/product: 0.050, categorical: 0.250, threshold: 1.000, hinge: 0.500
2758 samples
Density: max memory 536870912, total allocated 124780544, free 25557344, used 99223200, increment -6131240
linearPredictor: max memory 536870912, total allocated 124780544, free 25456680, used 99323864, increment 100664
FeaturedSpace: max memory 536870912, total allocated 124780544, free 25246104, used 99534440, increment 210576
Sequential: max memory 536870912, total allocated 124780544, free 25246104, used 99534440, increment 0
Initial loss: 9.439943018351132
Initial test loss: 9.439943018351132
Time since start: 39.592
500: time = 5.719000 loss = 8.948792 testLoss 8.990968
Resulting gain: 0.49115080607088757
Projecting...
Writing file analysis/maxent/KPC/d2c/RFBO_2.csv
RFBO_2 response curves
Time since start: 40.604
Response curve: only D2C
Making features
makeFeatures: max memory 536870912, total allocated 141557760, free 20521592, used 121036168, increment 21501728
RFBO_2 D2C: 
Regularization values: linear/quadratic/product: 0.050, categorical: 0.250, threshold: 1.000, hinge: 0.500
2758 samples
Density: max memory 536870912, total allocated 141557760, free 18064816, used 123492944, increment 2456776
linearPredictor: max memory 536870912, total allocated 141557760, free 17964152, used 123593608, increment 100664
FeaturedSpace: max memory 536870912, total allocated 141557760, free 17964152, used 123593608, increment 0
Sequential: max memory 536870912, total allocated 141557760, free 17964152, used 123593608, increment 0
Initial loss: 9.439943018351132
Time since start: 43.511
300: time = 2.809000 loss = 9.169257
Resulting gain: 0.2706857684719015
RFBO_2 response curves
Response curve: only anom
Making features
makeFeatures: max memory 536870912, total allocated 175112192, free 44852256, used 130259936, increment 6666328
RFBO_2 anom: 
Regularization values: linear/quadratic/product: 0.050, categorical: 0.250, threshold: 1.000, hinge: 0.500
2758 samples
Density: max memory 536870912, total allocated 175112192, free 43489360, used 131622832, increment 1362896
linearPredictor: max memory 536870912, total allocated 175112192, free 43388696, used 131723496, increment 100664
FeaturedSpace: max memory 536870912, total allocated 175112192, free 43388696, used 131723496, increment 0
Sequential: max memory 536870912, total allocated 175112192, free 43388696, used 131723496, increment 0
Initial loss: 9.439943018351132
160: time = 0.693000 loss = 9.414889
Resulting gain: 0.025053827161590547
RFBO_2 response curves
Response curve: only bathy
Making features
makeFeatures: max memory 536870912, total allocated 175112192, free 25516408, used 149595784, increment 17872288
RFBO_2 bathy: 
Regularization values: linear/quadratic/product: 0.050, categorical: 0.250, threshold: 1.000, hinge: 0.500
2758 samples
Density: max memory 536870912, total allocated 175112192, free 23667080, used 151445112, increment 1849328
linearPredictor: max memory 536870912, total allocated 175112192, free 23667080, used 151445112, increment 0
FeaturedSpace: max memory 536870912, total allocated 175112192, free 23667080, used 151445112, increment 0
Sequential: max memory 536870912, total allocated 175112192, free 23667080, used 151445112, increment 0
Initial loss: 9.439943018351132
Time since start: 47.035
400: time = 2.671000 loss = 9.324635
Resulting gain: 0.11530775928417114
RFBO_2 response curves
Response curve: only sst
Making features
makeFeatures: max memory 536870912, total allocated 175112192, free 31414880, used 143697312, increment -7747800
RFBO_2 sst: 
Regularization values: linear/quadratic/product: 0.050, categorical: 0.250, threshold: 1.000, hinge: 0.500
2758 samples
Density: max memory 536870912, total allocated 175112192, free 30053544, used 145058648, increment 1361336
linearPredictor: max memory 536870912, total allocated 175112192, free 29952880, used 145159312, increment 100664
FeaturedSpace: max memory 536870912, total allocated 175112192, free 29952880, used 145159312, increment 0
Sequential: max memory 536870912, total allocated 175112192, free 29952880, used 145159312, increment 0
Initial loss: 9.439943018351132
Time since start: 48.563
320: time = 1.441000 loss = 9.266912
Resulting gain: 0.1730312156356284
RFBO_2 response curves
getSamples: max memory 536870912, total allocated 175112192, free 21425528, used 153686664, increment 8527352
Making features
makeFeatures: max memory 536870912, total allocated 175112192, free 26665416, used 148446776, increment -5239888
RFBO_3: 
Regularization values: linear/quadratic/product: 0.050, categorical: 0.250, threshold: 1.000, hinge: 0.500
2758 samples
Density: max memory 536870912, total allocated 175112192, free 23341528, used 151770664, increment 3323888
linearPredictor: max memory 536870912, total allocated 175112192, free 23240864, used 151871328, increment 100664
FeaturedSpace: max memory 536870912, total allocated 175112192, free 23240864, used 151871328, increment 0
Sequential: max memory 536870912, total allocated 175112192, free 23240864, used 151871328, increment 0
Initial loss: 9.439943018351132
Initial test loss: 9.439943018351132
Time since start: 54.481
500: time = 5.102000 loss = 8.957141 testLoss 8.873376
Resulting gain: 0.4828023921878781
Projecting...
Writing file analysis/maxent/KPC/d2c/RFBO_3.csv
RFBO_3 response curves
Response curve: only D2C
Making features
makeFeatures: max memory 536870912, total allocated 204472320, free 22604472, used 181867848, increment 29996520
RFBO_3 D2C: 
Regularization values: linear/quadratic/product: 0.050, categorical: 0.250, threshold: 1.000, hinge: 0.500
2758 samples
Density: max memory 536870912, total allocated 204472320, free 29653888, used 174818432, increment -7049416
linearPredictor: max memory 536870912, total allocated 204472320, free 29553224, used 174919096, increment 100664
FeaturedSpace: max memory 536870912, total allocated 204472320, free 29553224, used 174919096, increment 0
Sequential: max memory 536870912, total allocated 204472320, free 29553224, used 174919096, increment 0
Initial loss: 9.439943018351132
Time since start: 57.463
300: time = 2.272000 loss = 9.174799
Resulting gain: 0.2651440420958675
RFBO_3 response curves
Response curve: only anom
Making features
makeFeatures: max memory 536870912, total allocated 238026752, free 43073680, used 194953072, increment 20033976
RFBO_3 anom: 
Regularization values: linear/quadratic/product: 0.050, categorical: 0.250, threshold: 1.000, hinge: 0.500
2758 samples
Density: max memory 536870912, total allocated 238026752, free 41684952, used 196341800, increment 1388728
linearPredictor: max memory 536870912, total allocated 238026752, free 41584288, used 196442464, increment 100664
FeaturedSpace: max memory 536870912, total allocated 238026752, free 41584288, used 196442464, increment 0
Sequential: max memory 536870912, total allocated 238026752, free 41584288, used 196442464, increment 0
Initial loss: 9.439943018351132
180: time = 0.620000 loss = 9.415498
Resulting gain: 0.024444686063336718
RFBO_3 response curves
Response curve: only bathy
Making features
makeFeatures: max memory 536870912, total allocated 238026752, free 50353496, used 187673256, increment -8769208
RFBO_3 bathy: 
Regularization values: linear/quadratic/product: 0.050, categorical: 0.250, threshold: 1.000, hinge: 0.500
2758 samples
Density: max memory 536870912, total allocated 238026752, free 48693480, used 189333272, increment 1660016
linearPredictor: max memory 536870912, total allocated 238026752, free 48693480, used 189333272, increment 0
FeaturedSpace: max memory 536870912, total allocated 238026752, free 48693480, used 189333272, increment 0
Sequential: max memory 536870912, total allocated 238026752, free 48693480, used 189333272, increment 0
Initial loss: 9.439943018351132
Time since start: 60.247
320: time = 2.004000 loss = 9.324096
Resulting gain: 0.11584686909733044
RFBO_3 response curves
Response curve: only sst
Making features
makeFeatures: max memory 536870912, total allocated 238026752, free 30333904, used 207692848, increment 18359576
RFBO_3 sst: 
Regularization values: linear/quadratic/product: 0.050, categorical: 0.250, threshold: 1.000, hinge: 0.500
2758 samples
Density: max memory 536870912, total allocated 238026752, free 28987136, used 209039616, increment 1346768
linearPredictor: max memory 536870912, total allocated 238026752, free 28886472, used 209140280, increment 100664
FeaturedSpace: max memory 536870912, total allocated 238026752, free 28886472, used 209140280, increment 0
Sequential: max memory 536870912, total allocated 238026752, free 28886472, used 209140280, increment 0
Initial loss: 9.439943018351132
Time since start: 62.157
380: time = 1.834000 loss = 9.266953
Resulting gain: 0.172989819366828
RFBO_3 response curves
getSamples: max memory 536870912, total allocated 238026752, free 31635664, used 206391088, increment -2749192
Making features
makeFeatures: max memory 536870912, total allocated 238026752, free 39174200, used 198852552, increment -7538536
RFBO_4: 
Regularization values: linear/quadratic/product: 0.050, categorical: 0.250, threshold: 1.000, hinge: 0.500
2758 samples
Density: max memory 536870912, total allocated 238026752, free 32918520, used 205108232, increment 6255680
linearPredictor: max memory 536870912, total allocated 238026752, free 32817856, used 205208896, increment 100664
FeaturedSpace: max memory 536870912, total allocated 238026752, free 32817856, used 205208896, increment 0
Sequential: max memory 536870912, total allocated 238026752, free 32817856, used 205208896, increment 0
Initial loss: 9.439943018351132
Initial test loss: 9.439943018351132
Time since start: 67.932
500: time = 5.048000 loss = 8.951081 testLoss 8.948431
Resulting gain: 0.4888618290845912
Projecting...
Writing file analysis/maxent/KPC/d2c/RFBO_4.csv
RFBO_4 response curves
Response curve: only D2C
Making features
makeFeatures: max memory 536870912, total allocated 238026752, free 165915168, used 72111584, increment -133097312
RFBO_4 D2C: 
Regularization values: linear/quadratic/product: 0.050, categorical: 0.250, threshold: 1.000, hinge: 0.500
2758 samples
Density: max memory 536870912, total allocated 238026752, free 163780872, used 74245880, increment 2134296
linearPredictor: max memory 536870912, total allocated 238026752, free 163680208, used 74346544, increment 100664
FeaturedSpace: max memory 536870912, total allocated 238026752, free 163680208, used 74346544, increment 0
Sequential: max memory 536870912, total allocated 238026752, free 163680208, used 74346544, increment 0
Initial loss: 9.439943018351132
Time since start: 70.546
260: time = 2.052000 loss = 9.176250
Resulting gain: 0.2636929572926281
RFBO_4 response curves
Response curve: only anom
Making features
makeFeatures: max memory 536870912, total allocated 238026752, free 74727464, used 163299288, increment 88952744
RFBO_4 anom: 
Regularization values: linear/quadratic/product: 0.050, categorical: 0.250, threshold: 1.000, hinge: 0.500
2758 samples
Density: max memory 536870912, total allocated 238026752, free 73389656, used 164637096, increment 1337808
linearPredictor: max memory 536870912, total allocated 238026752, free 73288992, used 164737760, increment 100664
FeaturedSpace: max memory 536870912, total allocated 238026752, free 73288992, used 164737760, increment 0
Sequential: max memory 536870912, total allocated 238026752, free 73288992, used 164737760, increment 0
Initial loss: 9.439943018351132
180: time = 0.883000 loss = 9.415533
Resulting gain: 0.02441018271084161
RFBO_4 response curves
Time since start: 71.562
Response curve: only bathy
Making features
makeFeatures: max memory 536870912, total allocated 238026752, free 181232608, used 56794144, increment -107943616
RFBO_4 bathy: 
Regularization values: linear/quadratic/product: 0.050, categorical: 0.250, threshold: 1.000, hinge: 0.500
2758 samples
Density: max memory 536870912, total allocated 238026752, free 179665344, used 58361408, increment 1567264
linearPredictor: max memory 536870912, total allocated 238026752, free 179665344, used 58361408, increment 0
FeaturedSpace: max memory 536870912, total allocated 238026752, free 179665344, used 58361408, increment 0
Sequential: max memory 536870912, total allocated 238026752, free 179665344, used 58361408, increment 0
Initial loss: 9.439943018351132
Time since start: 74.936
360: time = 3.323000 loss = 9.323157
Resulting gain: 0.11678603285983513
RFBO_4 response curves
Response curve: only sst
Making features
makeFeatures: max memory 536870912, total allocated 238026752, free 74346808, used 163679944, increment 105318536
RFBO_4 sst: 
Regularization values: linear/quadratic/product: 0.050, categorical: 0.250, threshold: 1.000, hinge: 0.500
2758 samples
Density: max memory 536870912, total allocated 238026752, free 72992224, used 165034528, increment 1354584
linearPredictor: max memory 536870912, total allocated 238026752, free 72992224, used 165034528, increment 0
FeaturedSpace: max memory 536870912, total allocated 238026752, free 72992224, used 165034528, increment 0
Sequential: max memory 536870912, total allocated 238026752, free 72992224, used 165034528, increment 0
Initial loss: 9.439943018351132
Time since start: 76.58
340: time = 1.546000 loss = 9.263164
Resulting gain: 0.17677861210290224
RFBO_4 response curves
getSamples: max memory 536870912, total allocated 238026752, free 153167728, used 84859024, increment -80175504
Making features
makeFeatures: max memory 536870912, total allocated 238026752, free 150453160, used 87573592, increment 2714568
RFBO_5: 
Regularization values: linear/quadratic/product: 0.050, categorical: 0.250, threshold: 1.000, hinge: 0.500
2759 samples
Density: max memory 536870912, total allocated 238026752, free 144252784, used 93773968, increment 6200376
linearPredictor: max memory 536870912, total allocated 238026752, free 144152112, used 93874640, increment 100672
FeaturedSpace: max memory 536870912, total allocated 238026752, free 144152112, used 93874640, increment 0
Sequential: max memory 536870912, total allocated 238026752, free 144152112, used 93874640, increment 0
Initial loss: 9.440022500129976
Initial test loss: 9.440022500129976
Time since start: 82.863
500: time = 5.649000 loss = 8.959480 testLoss 8.845232
Resulting gain: 0.4805422705514619
Projecting...
Writing file analysis/maxent/KPC/d2c/RFBO_5.csv
RFBO_5 response curves
Response curve: only D2C
Making features
makeFeatures: max memory 536870912, total allocated 238026752, free 50455736, used 187571016, increment 93696376
RFBO_5 D2C: 
Regularization values: linear/quadratic/product: 0.050, categorical: 0.250, threshold: 1.000, hinge: 0.500
2759 samples
Density: max memory 536870912, total allocated 238026752, free 48317320, used 189709432, increment 2138416
linearPredictor: max memory 536870912, total allocated 238026752, free 48216648, used 189810104, increment 100672
FeaturedSpace: max memory 536870912, total allocated 238026752, free 48216648, used 189810104, increment 0
Sequential: max memory 536870912, total allocated 238026752, free 48216648, used 189810104, increment 0
Initial loss: 9.440022500129976
Time since start: 85.746
300: time = 2.321000 loss = 9.176351
Resulting gain: 0.26367164705430035
RFBO_5 response curves
Response curve: only anom
Making features
makeFeatures: max memory 536870912, total allocated 238026752, free 86809672, used 151217080, increment -38593024
RFBO_5 anom: 
Regularization values: linear/quadratic/product: 0.050, categorical: 0.250, threshold: 1.000, hinge: 0.500
2759 samples
Density: max memory 536870912, total allocated 238026752, free 85602912, used 152423840, increment 1206760
linearPredictor: max memory 536870912, total allocated 238026752, free 85502240, used 152524512, increment 100672
FeaturedSpace: max memory 536870912, total allocated 238026752, free 85502240, used 152524512, increment 0
Sequential: max memory 536870912, total allocated 238026752, free 85502240, used 152524512, increment 0
Initial loss: 9.440022500129976
160: time = 0.691000 loss = 9.415641
Resulting gain: 0.024381654207571657
RFBO_5 response curves
Response curve: only bathy
Making features
makeFeatures: max memory 536870912, total allocated 238026752, free 67899560, used 170127192, increment 17602680
RFBO_5 bathy: 
Regularization values: linear/quadratic/product: 0.050, categorical: 0.250, threshold: 1.000, hinge: 0.500
2759 samples
Density: max memory 536870912, total allocated 238026752, free 66454576, used 171572176, increment 1444984
linearPredictor: max memory 536870912, total allocated 238026752, free 66329072, used 171697680, increment 125504
FeaturedSpace: max memory 536870912, total allocated 238026752, free 66329072, used 171697680, increment 0
Sequential: max memory 536870912, total allocated 238026752, free 66329072, used 171697680, increment 0
Initial loss: 9.440022500129976
Time since start: 88.663
320: time = 2.072000 loss = 9.322097
Resulting gain: 0.1179254316286702
RFBO_5 response curves
Response curve: only sst
Making features
makeFeatures: max memory 536870912, total allocated 238026752, free 95841312, used 142185440, increment -29512240
RFBO_5 sst: 
Regularization values: linear/quadratic/product: 0.050, categorical: 0.250, threshold: 1.000, hinge: 0.500
2759 samples
Density: max memory 536870912, total allocated 238026752, free 94386064, used 143640688, increment 1455248
linearPredictor: max memory 536870912, total allocated 238026752, free 94285392, used 143741360, increment 100672
FeaturedSpace: max memory 536870912, total allocated 238026752, free 94285392, used 143741360, increment 0
Sequential: max memory 536870912, total allocated 238026752, free 94285392, used 143741360, increment 0
Initial loss: 9.440022500129976
Time since start: 89.898
300: time = 1.153000 loss = 9.268019
Resulting gain: 0.1720031334160339
RFBO_5 response curves
getSamples: max memory 536870912, total allocated 238026752, free 47200144, used 190826608, increment 47085248
Making features
makeFeatures: max memory 536870912, total allocated 238026752, free 44514472, used 193512280, increment 2685672
RFBO_6: 
Regularization values: linear/quadratic/product: 0.050, categorical: 0.250, threshold: 1.000, hinge: 0.500
2759 samples
Density: max memory 536870912, total allocated 238026752, free 38285200, used 199741552, increment 6229272
linearPredictor: max memory 536870912, total allocated 238026752, free 38285200, used 199741552, increment 0
FeaturedSpace: max memory 536870912, total allocated 238026752, free 38285200, used 199741552, increment 0
Sequential: max memory 536870912, total allocated 238026752, free 38285200, used 199741552, increment 0
Initial loss: 9.440022500129976
Initial test loss: 9.440022500129976
Time since start: 95.85
500: time = 5.276000 loss = 8.948027 testLoss 8.965642
Resulting gain: 0.4919954616091555
Projecting...
Writing file analysis/maxent/KPC/d2c/RFBO_6.csv
RFBO_6 response curves
Response curve: only D2C
Making features
makeFeatures: max memory 536870912, total allocated 238026752, free 59935928, used 178090824, increment -21650728
RFBO_6 D2C: 
Regularization values: linear/quadratic/product: 0.050, categorical: 0.250, threshold: 1.000, hinge: 0.500
2759 samples
Density: max memory 536870912, total allocated 238026752, free 57536064, used 180490688, increment 2399864
linearPredictor: max memory 536870912, total allocated 238026752, free 57435392, used 180591360, increment 100672
FeaturedSpace: max memory 536870912, total allocated 238026752, free 57435392, used 180591360, increment 0
Sequential: max memory 536870912, total allocated 238026752, free 57435392, used 180591360, increment 0
Initial loss: 9.440022500129976
Time since start: 99.313
280: time = 2.825000 loss = 9.168964
Resulting gain: 0.27105822918585787
RFBO_6 response curves
Response curve: only anom
Making features
makeFeatures: max memory 536870912, total allocated 238026752, free 74404072, used 163622680, increment -16968680
RFBO_6 anom: 
Regularization values: linear/quadratic/product: 0.050, categorical: 0.250, threshold: 1.000, hinge: 0.500
2759 samples
Density: max memory 536870912, total allocated 238026752, free 72990496, used 165036256, increment 1413576
linearPredictor: max memory 536870912, total allocated 238026752, free 72889824, used 165136928, increment 100672
FeaturedSpace: max memory 536870912, total allocated 238026752, free 72889824, used 165136928, increment 0
Sequential: max memory 536870912, total allocated 238026752, free 72889824, used 165136928, increment 0
Initial loss: 9.440022500129976
180: time = 0.900000 loss = 9.414978
Resulting gain: 0.02504443782995125
RFBO_6 response curves
Time since start: 100.325
Response curve: only bathy
Making features
makeFeatures: max memory 536870912, total allocated 238026752, free 53356768, used 184669984, increment 19533056
RFBO_6 bathy: 
Regularization values: linear/quadratic/product: 0.050, categorical: 0.250, threshold: 1.000, hinge: 0.500
2759 samples
Density: max memory 536870912, total allocated 238026752, free 51808624, used 186218128, increment 1548144
linearPredictor: max memory 536870912, total allocated 238026752, free 51707952, used 186318800, increment 100672
FeaturedSpace: max memory 536870912, total allocated 238026752, free 51707952, used 186318800, increment 0
Sequential: max memory 536870912, total allocated 238026752, free 51707952, used 186318800, increment 0
Initial loss: 9.440022500129976
Time since start: 103.581
400: time = 3.205000 loss = 9.322614
Resulting gain: 0.11740872177727546
RFBO_6 response curves
Response curve: only sst
Making features
makeFeatures: max memory 536870912, total allocated 238026752, free 38486528, used 199540224, increment 13221424
RFBO_6 sst: 
Regularization values: linear/quadratic/product: 0.050, categorical: 0.250, threshold: 1.000, hinge: 0.500
2759 samples
Density: max memory 536870912, total allocated 238026752, free 37364048, used 200662704, increment 1122480
linearPredictor: max memory 536870912, total allocated 238026752, free 37263376, used 200763376, increment 100672
FeaturedSpace: max memory 536870912, total allocated 238026752, free 37263376, used 200763376, increment 0
Sequential: max memory 536870912, total allocated 238026752, free 37263376, used 200763376, increment 0
Initial loss: 9.440022500129976
Time since start: 105.365
300: time = 1.687000 loss = 9.265295
Resulting gain: 0.1747271631807834
RFBO_6 response curves
getSamples: max memory 536870912, total allocated 238026752, free 66831808, used 171194944, increment -29568432
Making features
makeFeatures: max memory 536870912, total allocated 238026752, free 64185744, used 173841008, increment 2646064
RFBO_7: 
Regularization values: linear/quadratic/product: 0.050, categorical: 0.250, threshold: 1.000, hinge: 0.500
2759 samples
Density: max memory 536870912, total allocated 238026752, free 57916864, used 180109888, increment 6268880
linearPredictor: max memory 536870912, total allocated 238026752, free 57916864, used 180109888, increment 0
FeaturedSpace: max memory 536870912, total allocated 238026752, free 57916864, used 180109888, increment 0
Sequential: max memory 536870912, total allocated 238026752, free 57916864, used 180109888, increment 0
Initial loss: 9.440022500129976
Initial test loss: 9.440022500129976
Time since start: 112.718
500: time = 6.573000 loss = 8.952495 testLoss 8.940956
Resulting gain: 0.48752737212510766
Projecting...
Writing file analysis/maxent/KPC/d2c/RFBO_7.csv
RFBO_7 response curves
Response curve: only D2C
Making features
makeFeatures: max memory 536870912, total allocated 238026752, free 50209960, used 187816792, increment 7706904
RFBO_7 D2C: 
Regularization values: linear/quadratic/product: 0.050, categorical: 0.250, threshold: 1.000, hinge: 0.500
2759 samples
Density: max memory 536870912, total allocated 238026752, free 47962544, used 190064208, increment 2247416
linearPredictor: max memory 536870912, total allocated 238026752, free 47861872, used 190164880, increment 100672
FeaturedSpace: max memory 536870912, total allocated 238026752, free 47861872, used 190164880, increment 0
Sequential: max memory 536870912, total allocated 238026752, free 47861872, used 190164880, increment 0
Initial loss: 9.440022500129976
Time since start: 115.45
300: time = 2.089000 loss = 9.170693
Resulting gain: 0.26932916398133244
RFBO_7 response curves
Response curve: only anom
Making features
makeFeatures: max memory 536870912, total allocated 238026752, free 57296944, used 180729808, increment -9435072
RFBO_7 anom: 
Regularization values: linear/quadratic/product: 0.050, categorical: 0.250, threshold: 1.000, hinge: 0.500
2759 samples
Density: max memory 536870912, total allocated 238026752, free 55880096, used 182146656, increment 1416848
linearPredictor: max memory 536870912, total allocated 238026752, free 55779424, used 182247328, increment 100672
FeaturedSpace: max memory 536870912, total allocated 238026752, free 55779424, used 182247328, increment 0
Sequential: max memory 536870912, total allocated 238026752, free 55779424, used 182247328, increment 0
Initial loss: 9.440022500129976
180: time = 0.695000 loss = 9.415388
Resulting gain: 0.024634449736545605
RFBO_7 response curves
Response curve: only bathy
Making features
makeFeatures: max memory 536870912, total allocated 238026752, free 36526736, used 201500016, increment 19252688
RFBO_7 bathy: 
Regularization values: linear/quadratic/product: 0.050, categorical: 0.250, threshold: 1.000, hinge: 0.500
2759 samples
Density: max memory 536870912, total allocated 238026752, free 34999376, used 203027376, increment 1527360
linearPredictor: max memory 536870912, total allocated 238026752, free 34999376, used 203027376, increment 0
FeaturedSpace: max memory 536870912, total allocated 238026752, free 34999376, used 203027376, increment 0
Sequential: max memory 536870912, total allocated 238026752, free 34999376, used 203027376, increment 0
Initial loss: 9.440022500129976
Time since start: 118.439
340: time = 2.136000 loss = 9.322049
Resulting gain: 0.11797326563876886
RFBO_7 response curves
Response curve: only sst
Making features
makeFeatures: max memory 536870912, total allocated 238026752, free 35279720, used 202747032, increment -280344
RFBO_7 sst: 
Regularization values: linear/quadratic/product: 0.050, categorical: 0.250, threshold: 1.000, hinge: 0.500
2759 samples
Density: max memory 536870912, total allocated 238026752, free 34104864, used 203921888, increment 1174856
linearPredictor: max memory 536870912, total allocated 238026752, free 34004192, used 204022560, increment 100672
FeaturedSpace: max memory 536870912, total allocated 238026752, free 34004192, used 204022560, increment 0
Sequential: max memory 536870912, total allocated 238026752, free 34004192, used 204022560, increment 0
Initial loss: 9.440022500129976
Time since start: 119.759
320: time = 1.242000 loss = 9.264678
Resulting gain: 0.17534498791442665
RFBO_7 response curves
getSamples: max memory 536870912, total allocated 238026752, free 46435928, used 191590824, increment -12431736
Making features
makeFeatures: max memory 536870912, total allocated 238026752, free 43664576, used 194362176, increment 2771352
RFBO_8: 
Regularization values: linear/quadratic/product: 0.050, categorical: 0.250, threshold: 1.000, hinge: 0.500
2759 samples
Density: max memory 536870912, total allocated 238026752, free 37373120, used 200653632, increment 6291456
linearPredictor: max memory 536870912, total allocated 238026752, free 37272448, used 200754304, increment 100672
FeaturedSpace: max memory 536870912, total allocated 238026752, free 37272448, used 200754304, increment 0
Sequential: max memory 536870912, total allocated 238026752, free 37272448, used 200754304, increment 0
Initial loss: 9.440022500129976
Initial test loss: 9.440022500129976
Time since start: 125.559
500: time = 5.192000 loss = 8.952797 testLoss 8.934037
Resulting gain: 0.4872254357597754
Projecting...
Writing file analysis/maxent/KPC/d2c/RFBO_8.csv
RFBO_8 response curves
Response curve: only D2C
Making features
makeFeatures: max memory 536870912, total allocated 238026752, free 28431880, used 209594872, increment 8840568
RFBO_8 D2C: 
Regularization values: linear/quadratic/product: 0.050, categorical: 0.250, threshold: 1.000, hinge: 0.500
2759 samples
Density: max memory 536870912, total allocated 238026752, free 26203040, used 211823712, increment 2228840
linearPredictor: max memory 536870912, total allocated 238026752, free 26102368, used 211924384, increment 100672
FeaturedSpace: max memory 536870912, total allocated 238026752, free 26102368, used 211924384, increment 0
Sequential: max memory 536870912, total allocated 238026752, free 26102368, used 211924384, increment 0
Initial loss: 9.440022500129976
Time since start: 128.239
300: time = 2.150000 loss = 9.174501
Resulting gain: 0.2655212996415699
RFBO_8 response curves
Response curve: only anom
Making features
makeFeatures: max memory 536870912, total allocated 238026752, free 15638200, used 222388552, increment 10464168
RFBO_8 anom: 
Regularization values: linear/quadratic/product: 0.050, categorical: 0.250, threshold: 1.000, hinge: 0.500
2759 samples
Density: max memory 536870912, total allocated 238026752, free 23057768, used 214968984, increment -7419568
linearPredictor: max memory 536870912, total allocated 238026752, free 22957096, used 215069656, increment 100672
FeaturedSpace: max memory 536870912, total allocated 238026752, free 22957096, used 215069656, increment 0
Sequential: max memory 536870912, total allocated 238026752, free 22957096, used 215069656, increment 0
Initial loss: 9.440022500129976
160: time = 0.705000 loss = 9.415446
Resulting gain: 0.02457603810091591
RFBO_8 response curves
Response curve: only bathy
Making features
makeFeatures: max memory 536870912, total allocated 238026752, free 18309688, used 219717064, increment 4647408
RFBO_8 bathy: 
Regularization values: linear/quadratic/product: 0.050, categorical: 0.250, threshold: 1.000, hinge: 0.500
2759 samples
Density: max memory 536870912, total allocated 238026752, free 79707104, used 158319648, increment -61397416
linearPredictor: max memory 536870912, total allocated 238026752, free 79606432, used 158420320, increment 100672
FeaturedSpace: max memory 536870912, total allocated 238026752, free 79606432, used 158420320, increment 0
Sequential: max memory 536870912, total allocated 238026752, free 79606432, used 158420320, increment 0
Initial loss: 9.440022500129976
Time since start: 131.178
280: time = 2.053000 loss = 9.324684
Resulting gain: 0.11533888852102869
RFBO_8 response curves
Response curve: only sst
Making features
makeFeatures: max memory 536870912, total allocated 238026752, free 133765792, used 104260960, increment -54159360
RFBO_8 sst: 
Regularization values: linear/quadratic/product: 0.050, categorical: 0.250, threshold: 1.000, hinge: 0.500
2759 samples
Density: max memory 536870912, total allocated 238026752, free 132308440, used 105718312, increment 1457352
linearPredictor: max memory 536870912, total allocated 238026752, free 132207768, used 105818984, increment 100672
FeaturedSpace: max memory 536870912, total allocated 238026752, free 132207768, used 105818984, increment 0
Sequential: max memory 536870912, total allocated 238026752, free 132207768, used 105818984, increment 0
Initial loss: 9.440022500129976
Time since start: 132.375
280: time = 1.119000 loss = 9.268862
Resulting gain: 0.1711608902694035
RFBO_8 response curves
getSamples: max memory 536870912, total allocated 238026752, free 158263328, used 79763424, increment -26055560
Making features
makeFeatures: max memory 536870912, total allocated 238026752, free 155543264, used 82483488, increment 2720064
RFBO_9: 
Regularization values: linear/quadratic/product: 0.050, categorical: 0.250, threshold: 1.000, hinge: 0.500
2759 samples
Density: max memory 536870912, total allocated 238026752, free 149251808, used 88774944, increment 6291456
linearPredictor: max memory 536870912, total allocated 238026752, free 149151136, used 88875616, increment 100672
FeaturedSpace: max memory 536870912, total allocated 238026752, free 149151136, used 88875616, increment 0
Sequential: max memory 536870912, total allocated 238026752, free 149151136, used 88875616, increment 0
Initial loss: 9.440022500129976
Initial test loss: 9.440022500129976
Time since start: 138.216
500: time = 5.196000 loss = 8.953153 testLoss 8.948280
Resulting gain: 0.48686975329500015
Projecting...
Writing file analysis/maxent/KPC/d2c/RFBO_9.csv
RFBO_9 response curves
Response curve: only D2C
Making features
makeFeatures: max memory 536870912, total allocated 238026752, free 113000192, used 125026560, increment 36150944
RFBO_9 D2C: 
Regularization values: linear/quadratic/product: 0.050, categorical: 0.250, threshold: 1.000, hinge: 0.500
2759 samples
Density: max memory 536870912, total allocated 238026752, free 110769360, used 127257392, increment 2230832
linearPredictor: max memory 536870912, total allocated 238026752, free 110668688, used 127358064, increment 100672
FeaturedSpace: max memory 536870912, total allocated 238026752, free 110668688, used 127358064, increment 0
Sequential: max memory 536870912, total allocated 238026752, free 110668688, used 127358064, increment 0
Initial loss: 9.440022500129976
Time since start: 140.872
280: time = 2.046000 loss = 9.176451
Resulting gain: 0.26357195096644936
RFBO_9 response curves
Response curve: only anom
Making features
makeFeatures: max memory 536870912, total allocated 238026752, free 74112200, used 163914552, increment 36556488
RFBO_9 anom: 
Regularization values: linear/quadratic/product: 0.050, categorical: 0.250, threshold: 1.000, hinge: 0.500
2759 samples
Density: max memory 536870912, total allocated 238026752, free 72907888, used 165118864, increment 1204312
linearPredictor: max memory 536870912, total allocated 238026752, free 72807216, used 165219536, increment 100672
FeaturedSpace: max memory 536870912, total allocated 238026752, free 72807216, used 165219536, increment 0
Sequential: max memory 536870912, total allocated 238026752, free 72807216, used 165219536, increment 0
Initial loss: 9.440022500129976
160: time = 0.729000 loss = 9.415291
Resulting gain: 0.024731609727409065
RFBO_9 response curves
Response curve: only bathy
Making features
makeFeatures: max memory 536870912, total allocated 238026752, free 55169088, used 182857664, increment 17638128
RFBO_9 bathy: 
Regularization values: linear/quadratic/product: 0.050, categorical: 0.250, threshold: 1.000, hinge: 0.500
2759 samples
Density: max memory 536870912, total allocated 238026752, free 53629952, used 184396800, increment 1539136
linearPredictor: max memory 536870912, total allocated 238026752, free 53529280, used 184497472, increment 100672
FeaturedSpace: max memory 536870912, total allocated 238026752, free 53529280, used 184497472, increment 0
Sequential: max memory 536870912, total allocated 238026752, free 53529280, used 184497472, increment 0
Initial loss: 9.440022500129976
Time since start: 143.948
340: time = 2.173000 loss = 9.327836
Resulting gain: 0.11218610146167762
RFBO_9 response curves
Response curve: only sst
Making features
makeFeatures: max memory 536870912, total allocated 238026752, free 72775568, used 165251184, increment -19246288
RFBO_9 sst: 
Regularization values: linear/quadratic/product: 0.050, categorical: 0.250, threshold: 1.000, hinge: 0.500
2759 samples
Density: max memory 536870912, total allocated 238026752, free 71104080, used 166922672, increment 1671488
linearPredictor: max memory 536870912, total allocated 238026752, free 71003408, used 167023344, increment 100672
FeaturedSpace: max memory 536870912, total allocated 238026752, free 71003408, used 167023344, increment 0
Sequential: max memory 536870912, total allocated 238026752, free 71003408, used 167023344, increment 0
Initial loss: 9.440022500129976
Time since start: 145.502
360: time = 1.481000 loss = 9.258209
Resulting gain: 0.1818138945392569
RFBO_9 response curves
Reading file kpc_background.csv
readGrid: max memory 536870912, total allocated 238026752, free 79664632, used 158362120, increment -8661224
Reading file kpc_background.csv
readGrid: max memory 536870912, total allocated 238026752, free 96890432, used 141136320, increment -17225800
Reading file kpc_background.csv
readGrid: max memory 536870912, total allocated 238026752, free 115807928, used 122218824, increment -18917496
Reading file kpc_background.csv
readGrid: max memory 536870912, total allocated 238026752, free 132509344, used 105517408, increment -16701416
Reading file kpc_background.csv
readGrid: max memory 536870912, total allocated 238026752, free 149841320, used 88185432, increment -17331976
Reading file kpc_background.csv
readGrid: max memory 536870912, total allocated 238026752, free 50226600, used 187800152, increment 99614720
Time since start: 146.54
Reading file kpc_background.csv
readGrid: max memory 536870912, total allocated 238026752, free 66881952, used 171144800, increment -16655352
Reading file kpc_background.csv
readGrid: max memory 536870912, total allocated 238026752, free 83426960, used 154599792, increment -16545008
Reading file kpc_background.csv
readGrid: max memory 536870912, total allocated 238026752, free 100025840, used 138000912, increment -16598880
Reading file kpc_background.csv
readGrid: max memory 536870912, total allocated 238026752, free 116909008, used 121117744, increment -16883168
Creating average grid, stddev grid etc.
Writing file analysis/maxent/KPC/d2c/RFBO_avg.csv
Writing file analysis/maxent/KPC/d2c/RFBO_stddev.csv
Writing file analysis/maxent/KPC/d2c/RFBO_min.csv
Writing file analysis/maxent/KPC/d2c/RFBO_max.csv
Writing file analysis/maxent/KPC/d2c/RFBO_median.csv
RFBO average response curves
Time since start: 148.095
Ending
