Mon Apr 23 13:48:01 PDT 2018
MaxEnt version 3.4.1
Reading file kpc_background.csv
readGrid: max memory 536870912, total allocated 67108864, free 39745216, used 27363648, increment 27363648
Reading samples from rfbo_accessible.csv
Read samples: max memory 536870912, total allocated 67108864, free 31618264, used 35490600, increment 8126952
Adding samples to background in feature space
Time since start: 1.005
Command line used:  environmentallayers=data/out/Presences/kpc_background.csv samplesfile=data/out/Presences/rfbo_accessible.csv outputdirectory=analysis/maxent/KPC/ert togglelayerselected=LocDate togglelayerselected=D2C togglelayerselected=UD outputformat=raw replicates=10 redoifexists autorun responsecurves writeplotdata
Command line to repeat: java density.MaxEnt nowarnings noprefixes responsecurves outputformat=raw outputdirectory=analysis/maxent/KPC/ert samplesfile=data/out/Presences/rfbo_accessible.csv environmentallayers=data/out/Presences/kpc_background.csv noaskoverwrite replicates=10 autorun writeplotdata -N D2C -N LocDate -N UD
Species: RFBO_0 RFBO_1 RFBO_2 RFBO_3 RFBO_4 RFBO_5 RFBO_6 RFBO_7 RFBO_8 RFBO_9
Layers: Ert anom bathy sst
Layertypes: Continuous Continuous Continuous Continuous
responsecurves: true
outputformat: raw
outputdirectory: analysis/maxent/KPC/ert
samplesfile: data/out/Presences/rfbo_accessible.csv
environmentallayers: data/out/Presences/kpc_background.csv
askoverwrite: false
replicates: 10
autorun: true
writeplotdata: true

getSamples: max memory 536870912, total allocated 67108864, free 34740104, used 32368760, increment -3121840
Making features
makeFeatures: max memory 536870912, total allocated 67108864, free 31356712, used 35752152, increment 3383392
RFBO_0: 
Regularization values: linear/quadratic/product: 0.050, categorical: 0.250, threshold: 1.000, hinge: 0.500
Time since start: 2.011
2758 samples
Density: max memory 536870912, total allocated 67108864, free 51679744, used 15429120, increment -20323032
linearPredictor: max memory 536870912, total allocated 67108864, free 51679744, used 15429120, increment 0
FeaturedSpace: max memory 536870912, total allocated 67108864, free 51679744, used 15429120, increment 0
Sequential: max memory 536870912, total allocated 67108864, free 51677696, used 15431168, increment 2048
Initial loss: 9.439386468943006
Initial test loss: 9.439386468943006
Time since start: 9.056
500: time = 6.854000 loss = 8.971636 testLoss 8.883977
Resulting gain: 0.4677505807404483
Time since start: 10.576
Projecting...
Writing file analysis/maxent/KPC/ert/RFBO_0.csv
RFBO_0 response curves
Response curve: only Ert
Making features
makeFeatures: max memory 536870912, total allocated 95420416, free 42197360, used 53223056, increment 37791888
RFBO_0 Ert: 
Regularization values: linear/quadratic/product: 0.050, categorical: 0.250, threshold: 1.000, hinge: 0.500
2758 samples
Density: max memory 536870912, total allocated 95420416, free 38078224, used 57342192, increment 4119136
linearPredictor: max memory 536870912, total allocated 95420416, free 38078224, used 57342192, increment 0
FeaturedSpace: max memory 536870912, total allocated 95420416, free 38078224, used 57342192, increment 0
Sequential: max memory 536870912, total allocated 95420416, free 38078224, used 57342192, increment 0
Initial loss: 9.439386468943006
Time since start: 14.773
280: time = 3.382000 loss = 9.146845
Resulting gain: 0.2925419114376382
RFBO_0 response curves
Response curve: only anom
Making features
makeFeatures: max memory 536870912, total allocated 113246208, free 47594496, used 65651712, increment 8309520
RFBO_0 anom: 
Regularization values: linear/quadratic/product: 0.050, categorical: 0.250, threshold: 1.000, hinge: 0.500
2758 samples
Density: max memory 536870912, total allocated 113246208, free 46190112, used 67056096, increment 1404384
linearPredictor: max memory 536870912, total allocated 113246208, free 46089504, used 67156704, increment 100608
FeaturedSpace: max memory 536870912, total allocated 113246208, free 46089504, used 67156704, increment 0
Sequential: max memory 536870912, total allocated 113246208, free 46089504, used 67156704, increment 0
Initial loss: 9.439386468943006
Time since start: 15.985
160: time = 0.980000 loss = 9.414945
Resulting gain: 0.024441568928809332
RFBO_0 response curves
Response curve: only bathy
Making features
makeFeatures: max memory 536870912, total allocated 113246208, free 27887728, used 85358480, increment 18201776
RFBO_0 bathy: 
Regularization values: linear/quadratic/product: 0.050, categorical: 0.250, threshold: 1.000, hinge: 0.500
2758 samples
Density: max memory 536870912, total allocated 113246208, free 25841440, used 87404768, increment 2046288
linearPredictor: max memory 536870912, total allocated 113246208, free 25841440, used 87404768, increment 0
FeaturedSpace: max memory 536870912, total allocated 113246208, free 25841440, used 87404768, increment 0
Sequential: max memory 536870912, total allocated 113246208, free 25841440, used 87404768, increment 0
Initial loss: 9.439386468943006
Time since start: 19.048
380: time = 2.816000 loss = 9.323346
Resulting gain: 0.11604060969987273
RFBO_0 response curves
Response curve: only sst
Making features
makeFeatures: max memory 536870912, total allocated 113246208, free 54960096, used 58286112, increment -29118656
RFBO_0 sst: 
Regularization values: linear/quadratic/product: 0.050, categorical: 0.250, threshold: 1.000, hinge: 0.500
2758 samples
Density: max memory 536870912, total allocated 113246208, free 53724000, used 59522208, increment 1236096
linearPredictor: max memory 536870912, total allocated 113246208, free 53623392, used 59622816, increment 100608
FeaturedSpace: max memory 536870912, total allocated 113246208, free 53623392, used 59622816, increment 0
Sequential: max memory 536870912, total allocated 113246208, free 53623392, used 59622816, increment 0
Initial loss: 9.439386468943006
Time since start: 20.906
340: time = 1.683000 loss = 9.266067
Resulting gain: 0.17331920799305323
RFBO_0 response curves
getSamples: max memory 536870912, total allocated 113246208, free 52977328, used 60268880, increment 646064
Making features
Time since start: 21.962
makeFeatures: max memory 536870912, total allocated 113246208, free 50217056, used 63029152, increment 2760272
RFBO_1: 
Regularization values: linear/quadratic/product: 0.050, categorical: 0.250, threshold: 1.000, hinge: 0.500
2758 samples
Density: max memory 536870912, total allocated 113246208, free 44056224, used 69189984, increment 6160832
linearPredictor: max memory 536870912, total allocated 113246208, free 44056224, used 69189984, increment 0
FeaturedSpace: max memory 536870912, total allocated 113246208, free 44056224, used 69189984, increment 0
Sequential: max memory 536870912, total allocated 113246208, free 44056224, used 69189984, increment 0
Initial loss: 9.439545514668987
Initial test loss: 9.439545514668987
Time since start: 28.126
500: time = 5.875000 loss = 8.963773 testLoss 8.975404
Resulting gain: 0.47577233883558634
Projecting...
Writing file analysis/maxent/KPC/ert/RFBO_1.csv
RFBO_1 response curves
Time since start: 29.14
Response curve: only Ert
Making features
makeFeatures: max memory 536870912, total allocated 113246208, free 33101920, used 80144288, increment 10954304
RFBO_1 Ert: 
Regularization values: linear/quadratic/product: 0.050, categorical: 0.250, threshold: 1.000, hinge: 0.500
2758 samples
Density: max memory 536870912, total allocated 113246208, free 30895184, used 82351024, increment 2206736
linearPredictor: max memory 536870912, total allocated 113246208, free 30794560, used 82451648, increment 100624
FeaturedSpace: max memory 536870912, total allocated 113246208, free 30794560, used 82451648, increment 0
Sequential: max memory 536870912, total allocated 113246208, free 30794560, used 82451648, increment 0
Initial loss: 9.439545514668987
Time since start: 31.979
280: time = 2.762000 loss = 9.140392
Resulting gain: 0.29915374452684773
RFBO_1 response curves
Response curve: only anom
Making features
makeFeatures: max memory 536870912, total allocated 114294784, free 49335072, used 64959712, increment -17491936
RFBO_1 anom: 
Regularization values: linear/quadratic/product: 0.050, categorical: 0.250, threshold: 1.000, hinge: 0.500
2758 samples
Density: max memory 536870912, total allocated 114294784, free 47933264, used 66361520, increment 1401808
linearPredictor: max memory 536870912, total allocated 114294784, free 47933264, used 66361520, increment 0
FeaturedSpace: max memory 536870912, total allocated 114294784, free 47933264, used 66361520, increment 0
Sequential: max memory 536870912, total allocated 114294784, free 47933264, used 66361520, increment 0
Initial loss: 9.439545514668987
Time since start: 33.129
180: time = 1.020000 loss = 9.415223
Resulting gain: 0.02432300181040148
RFBO_1 response curves
Response curve: only bathy
Making features
makeFeatures: max memory 536870912, total allocated 114294784, free 28368848, used 85925936, increment 19564416
RFBO_1 bathy: 
Regularization values: linear/quadratic/product: 0.050, categorical: 0.250, threshold: 1.000, hinge: 0.500
2758 samples
Density: max memory 536870912, total allocated 114294784, free 26417144, used 87877640, increment 1951704
linearPredictor: max memory 536870912, total allocated 114294784, free 26417144, used 87877640, increment 0
FeaturedSpace: max memory 536870912, total allocated 114294784, free 26417144, used 87877640, increment 0
Sequential: max memory 536870912, total allocated 114294784, free 26417144, used 87877640, increment 0
Initial loss: 9.439545514668987
Time since start: 35.425
300: time = 2.157000 loss = 9.324492
Resulting gain: 0.11505327594912096
RFBO_1 response curves
Response curve: only sst
Making features
makeFeatures: max memory 536870912, total allocated 114294784, free 23469968, used 90824816, increment 2947176
RFBO_1 sst: 
Regularization values: linear/quadratic/product: 0.050, categorical: 0.250, threshold: 1.000, hinge: 0.500
2758 samples
Density: max memory 536870912, total allocated 114294784, free 21930832, used 92363952, increment 1539136
linearPredictor: max memory 536870912, total allocated 114294784, free 21930832, used 92363952, increment 0
FeaturedSpace: max memory 536870912, total allocated 114294784, free 21930832, used 92363952, increment 0
Sequential: max memory 536870912, total allocated 114294784, free 21930832, used 92363952, increment 0
Initial loss: 9.439545514668987
Time since start: 36.934
300: time = 1.367000 loss = 9.261615
Resulting gain: 0.1779307432503554
RFBO_1 response curves
getSamples: max memory 536870912, total allocated 114294784, free 35789312, used 78505472, increment -13858480
Making features
makeFeatures: max memory 536870912, total allocated 114294784, free 33258616, used 81036168, increment 2530696
RFBO_2: 
Regularization values: linear/quadratic/product: 0.050, categorical: 0.250, threshold: 1.000, hinge: 0.500
2758 samples
Time since start: 37.943
Density: max memory 536870912, total allocated 114294784, free 26824976, used 87469808, increment 6433640
linearPredictor: max memory 536870912, total allocated 114294784, free 26824976, used 87469808, increment 0
FeaturedSpace: max memory 536870912, total allocated 114294784, free 26824976, used 87469808, increment 0
Sequential: max memory 536870912, total allocated 114294784, free 26824976, used 87469808, increment 0
Initial loss: 9.439386468943006
Initial test loss: 9.439386468943006
Time since start: 43.899
500: time = 5.949000 loss = 8.961833 testLoss 9.010429
Resulting gain: 0.477553553946402
Projecting...
Writing file analysis/maxent/KPC/ert/RFBO_2.csv
RFBO_2 response curves
Time since start: 44.919
Response curve: only Ert
Making features
makeFeatures: max memory 536870912, total allocated 114294784, free 60911648, used 53383136, increment -34086672
RFBO_2 Ert: 
Regularization values: linear/quadratic/product: 0.050, categorical: 0.250, threshold: 1.000, hinge: 0.500
2758 samples
Density: max memory 536870912, total allocated 114294784, free 74712360, used 39582424, increment -13800712
linearPredictor: max memory 536870912, total allocated 114294784, free 74611752, used 39683032, increment 100608
FeaturedSpace: max memory 536870912, total allocated 114294784, free 74611752, used 39683032, increment 0
Sequential: max memory 536870912, total allocated 114294784, free 74611752, used 39683032, increment 0
Initial loss: 9.439386468943006
Time since start: 47.81
280: time = 2.807000 loss = 9.138769
Resulting gain: 0.3006170918906008
RFBO_2 response curves
Response curve: only anom
Making features
makeFeatures: max memory 536870912, total allocated 114294784, free 54182056, used 60112728, increment 20429696
RFBO_2 anom: 
Regularization values: linear/quadratic/product: 0.050, categorical: 0.250, threshold: 1.000, hinge: 0.500
2758 samples
Density: max memory 536870912, total allocated 114294784, free 52881472, used 61413312, increment 1300584
linearPredictor: max memory 536870912, total allocated 114294784, free 52780864, used 61513920, increment 100608
FeaturedSpace: max memory 536870912, total allocated 114294784, free 52780864, used 61513920, increment 0
Sequential: max memory 536870912, total allocated 114294784, free 52780864, used 61513920, increment 0
Initial loss: 9.439386468943006
Time since start: 49.21
180: time = 1.272000 loss = 9.414328
Resulting gain: 0.025058251256732333
RFBO_2 response curves
Response curve: only bathy
Making features
makeFeatures: max memory 536870912, total allocated 114294784, free 32396416, used 81898368, increment 20384448
RFBO_2 bathy: 
Regularization values: linear/quadratic/product: 0.050, categorical: 0.250, threshold: 1.000, hinge: 0.500
2758 samples
Density: max memory 536870912, total allocated 114294784, free 30861376, used 83433408, increment 1535040
linearPredictor: max memory 536870912, total allocated 114294784, free 30861376, used 83433408, increment 0
FeaturedSpace: max memory 536870912, total allocated 114294784, free 30861376, used 83433408, increment 0
Sequential: max memory 536870912, total allocated 114294784, free 30861376, used 83433408, increment 0
Initial loss: 9.439386468943006
Time since start: 52.048
360: time = 2.682000 loss = 9.324151
Resulting gain: 0.1152350758310483
RFBO_2 response curves
Response curve: only sst
Making features
makeFeatures: max memory 536870912, total allocated 114294784, free 20963648, used 93331136, increment 9897728
RFBO_2 sst: 
Regularization values: linear/quadratic/product: 0.050, categorical: 0.250, threshold: 1.000, hinge: 0.500
2758 samples
Density: max memory 536870912, total allocated 114294784, free 19813328, used 94481456, increment 1150320
linearPredictor: max memory 536870912, total allocated 114294784, free 19712720, used 94582064, increment 100608
FeaturedSpace: max memory 536870912, total allocated 114294784, free 19712720, used 94582064, increment 0
Sequential: max memory 536870912, total allocated 114294784, free 19712720, used 94582064, increment 0
Initial loss: 9.439386468943006
Time since start: 53.654
340: time = 1.523000 loss = 9.266264
Resulting gain: 0.1731227449968351
RFBO_2 response curves
getSamples: max memory 536870912, total allocated 114294784, free 45527552, used 68767232, increment -25814832
Making features
makeFeatures: max memory 536870912, total allocated 114294784, free 43276168, used 71018616, increment 2251384
RFBO_3: 
Regularization values: linear/quadratic/product: 0.050, categorical: 0.250, threshold: 1.000, hinge: 0.500
2758 samples
Density: max memory 536870912, total allocated 114294784, free 37138944, used 77155840, increment 6137224
linearPredictor: max memory 536870912, total allocated 114294784, free 37038336, used 77256448, increment 100608
FeaturedSpace: max memory 536870912, total allocated 114294784, free 37038336, used 77256448, increment 0
Sequential: max memory 536870912, total allocated 114294784, free 37038336, used 77256448, increment 0
Initial loss: 9.439386468943006
Initial test loss: 9.439386468943006
Time since start: 60.327
500: time = 5.806000 loss = 8.969820 testLoss 8.893861
Resulting gain: 0.46956680190094247
Projecting...
Writing file analysis/maxent/KPC/ert/RFBO_3.csv
RFBO_3 response curves
Response curve: only Ert
Making features
makeFeatures: max memory 536870912, total allocated 114294784, free 38784800, used 75509984, increment -1746464
RFBO_3 Ert: 
Regularization values: linear/quadratic/product: 0.050, categorical: 0.250, threshold: 1.000, hinge: 0.500
2758 samples
Density: max memory 536870912, total allocated 114294784, free 45663224, used 68631560, increment -6878424
linearPredictor: max memory 536870912, total allocated 114294784, free 45562616, used 68732168, increment 100608
FeaturedSpace: max memory 536870912, total allocated 114294784, free 45562616, used 68732168, increment 0
Sequential: max memory 536870912, total allocated 114294784, free 45562616, used 68732168, increment 0
Initial loss: 9.439386468943006
Time since start: 63.208
300: time = 2.165000 loss = 9.144232
Resulting gain: 0.2951545187719109
RFBO_3 response curves
Response curve: only anom
Making features
makeFeatures: max memory 536870912, total allocated 114294784, free 38929720, used 75365064, increment 6632896
RFBO_3 anom: 
Regularization values: linear/quadratic/product: 0.050, categorical: 0.250, threshold: 1.000, hinge: 0.500
2758 samples
Density: max memory 536870912, total allocated 114294784, free 37524816, used 76769968, increment 1404904
linearPredictor: max memory 536870912, total allocated 114294784, free 37424208, used 76870576, increment 100608
FeaturedSpace: max memory 536870912, total allocated 114294784, free 37424208, used 76870576, increment 0
Sequential: max memory 536870912, total allocated 114294784, free 37424208, used 76870576, increment 0
Initial loss: 9.439386468943006
180: time = 0.746000 loss = 9.414940
Resulting gain: 0.024446682677311316
RFBO_3 response curves
Response curve: only bathy
Making features
makeFeatures: max memory 536870912, total allocated 114294784, free 67603072, used 46691712, increment -30178864
RFBO_3 bathy: 
Regularization values: linear/quadratic/product: 0.050, categorical: 0.250, threshold: 1.000, hinge: 0.500
2758 samples
Density: max memory 536870912, total allocated 114294784, free 66115072, used 48179712, increment 1488000
linearPredictor: max memory 536870912, total allocated 114294784, free 66115072, used 48179712, increment 0
FeaturedSpace: max memory 536870912, total allocated 114294784, free 66115072, used 48179712, increment 0
Sequential: max memory 536870912, total allocated 114294784, free 66115072, used 48179712, increment 0
Initial loss: 9.439386468943006
Time since start: 66.051
300: time = 1.933000 loss = 9.323570
Resulting gain: 0.11581671623916634
RFBO_3 response curves
Response curve: only sst
Making features
makeFeatures: max memory 536870912, total allocated 114294784, free 59021152, used 55273632, increment 7093920
RFBO_3 sst: 
Regularization values: linear/quadratic/product: 0.050, categorical: 0.250, threshold: 1.000, hinge: 0.500
2758 samples
Density: max memory 536870912, total allocated 114294784, free 57482016, used 56812768, increment 1539136
linearPredictor: max memory 536870912, total allocated 114294784, free 57482016, used 56812768, increment 0
FeaturedSpace: max memory 536870912, total allocated 114294784, free 57482016, used 56812768, increment 0
Sequential: max memory 536870912, total allocated 114294784, free 57482016, used 56812768, increment 0
Initial loss: 9.439386468943006
Time since start: 67.671
380: time = 1.538000 loss = 9.266318
Resulting gain: 0.17306847967744687
RFBO_3 response curves
getSamples: max memory 536870912, total allocated 114294784, free 42742272, used 71552512, increment 14739744
Making features
makeFeatures: max memory 536870912, total allocated 114294784, free 40235968, used 74058816, increment 2506304
RFBO_4: 
Regularization values: linear/quadratic/product: 0.050, categorical: 0.250, threshold: 1.000, hinge: 0.500
2758 samples
Density: max memory 536870912, total allocated 114294784, free 34191712, used 80103072, increment 6044256
linearPredictor: max memory 536870912, total allocated 114294784, free 34091104, used 80203680, increment 100608
FeaturedSpace: max memory 536870912, total allocated 114294784, free 34091104, used 80203680, increment 0
Sequential: max memory 536870912, total allocated 114294784, free 34091104, used 80203680, increment 0
Initial loss: 9.439386468943006
Initial test loss: 9.439386468943006
Time since start: 74.146
500: time = 5.647000 loss = 8.964791 testLoss 8.961460
Resulting gain: 0.4745955198100109
Projecting...
Writing file analysis/maxent/KPC/ert/RFBO_4.csv
RFBO_4 response curves
Response curve: only Ert
Making features
makeFeatures: max memory 536870912, total allocated 114294784, free 27569824, used 86724960, increment 6521280
RFBO_4 Ert: 
Regularization values: linear/quadratic/product: 0.050, categorical: 0.250, threshold: 1.000, hinge: 0.500
2758 samples
Density: max memory 536870912, total allocated 114294784, free 48458024, used 65836760, increment -20888200
linearPredictor: max memory 536870912, total allocated 114294784, free 48357416, used 65937368, increment 100608
FeaturedSpace: max memory 536870912, total allocated 114294784, free 48357416, used 65937368, increment 0
Sequential: max memory 536870912, total allocated 114294784, free 48357416, used 65937368, increment 0
Initial loss: 9.439386468943006
Time since start: 76.674
280: time = 1.893000 loss = 9.145421
Resulting gain: 0.29396519031465473
RFBO_4 response curves
Response curve: only anom
Making features
makeFeatures: max memory 536870912, total allocated 114294784, free 29536632, used 84758152, increment 18820784
RFBO_4 anom: 
Regularization values: linear/quadratic/product: 0.050, categorical: 0.250, threshold: 1.000, hinge: 0.500
2758 samples
Density: max memory 536870912, total allocated 114294784, free 28131808, used 86162976, increment 1404824
linearPredictor: max memory 536870912, total allocated 114294784, free 28031200, used 86263584, increment 100608
FeaturedSpace: max memory 536870912, total allocated 114294784, free 28031200, used 86263584, increment 0
Sequential: max memory 536870912, total allocated 114294784, free 28031200, used 86263584, increment 0
Initial loss: 9.439386468943006
160: time = 0.639000 loss = 9.414974
Resulting gain: 0.024412356235600896
RFBO_4 response curves
Response curve: only bathy
Making features
makeFeatures: max memory 536870912, total allocated 114294784, free 61166344, used 53128440, increment -33135144
RFBO_4 bathy: 
Regularization values: linear/quadratic/product: 0.050, categorical: 0.250, threshold: 1.000, hinge: 0.500
2758 samples
Density: max memory 536870912, total allocated 114294784, free 59632096, used 54662688, increment 1534248
linearPredictor: max memory 536870912, total allocated 114294784, free 59632096, used 54662688, increment 0
FeaturedSpace: max memory 536870912, total allocated 114294784, free 59632096, used 54662688, increment 0
Sequential: max memory 536870912, total allocated 114294784, free 59632096, used 54662688, increment 0
Initial loss: 9.439386468943006
Time since start: 79.184
280: time = 1.707000 loss = 9.322617
Resulting gain: 0.11676910143368602
RFBO_4 response curves
Response curve: only sst
Making features
makeFeatures: max memory 536870912, total allocated 114294784, free 24146784, used 90148000, increment 35485312
RFBO_4 sst: 
Regularization values: linear/quadratic/product: 0.050, categorical: 0.250, threshold: 1.000, hinge: 0.500
2758 samples
Density: max memory 536870912, total allocated 114294784, free 22757664, used 91537120, increment 1389120
linearPredictor: max memory 536870912, total allocated 114294784, free 22657056, used 91637728, increment 100608
FeaturedSpace: max memory 536870912, total allocated 114294784, free 22657056, used 91637728, increment 0
Sequential: max memory 536870912, total allocated 114294784, free 22657056, used 91637728, increment 0
Initial loss: 9.439386468943006
Time since start: 80.69
360: time = 1.425000 loss = 9.262503
Resulting gain: 0.17688308361172211
RFBO_4 response curves
getSamples: max memory 536870912, total allocated 114294784, free 57229952, used 57064832, increment -34572896
Making features
makeFeatures: max memory 536870912, total allocated 114294784, free 54486576, used 59808208, increment 2743376
RFBO_5: 
Regularization values: linear/quadratic/product: 0.050, categorical: 0.250, threshold: 1.000, hinge: 0.500
2759 samples
Density: max memory 536870912, total allocated 114294784, free 48315008, used 65979776, increment 6171568
linearPredictor: max memory 536870912, total allocated 114294784, free 48315008, used 65979776, increment 0
FeaturedSpace: max memory 536870912, total allocated 114294784, free 48315008, used 65979776, increment 0
Sequential: max memory 536870912, total allocated 114294784, free 48315008, used 65979776, increment 0
Initial loss: 9.439545514668987
Initial test loss: 9.439545514668987
Time since start: 86.999
500: time = 5.569000 loss = 8.972896 testLoss 8.851531
Resulting gain: 0.4666494915607746
Projecting...
Writing file analysis/maxent/KPC/ert/RFBO_5.csv
RFBO_5 response curves
Response curve: only Ert
Making features
makeFeatures: max memory 536870912, total allocated 114294784, free 19320544, used 94974240, increment 28994464
RFBO_5 Ert: 
Regularization values: linear/quadratic/product: 0.050, categorical: 0.250, threshold: 1.000, hinge: 0.500
2759 samples
Density: max memory 536870912, total allocated 114294784, free 17059032, used 97235752, increment 2261512
linearPredictor: max memory 536870912, total allocated 114294784, free 16958408, used 97336376, increment 100624
FeaturedSpace: max memory 536870912, total allocated 114294784, free 16958408, used 97336376, increment 0
Sequential: max memory 536870912, total allocated 114294784, free 16958408, used 97336376, increment 0
Initial loss: 9.439545514668987
Time since start: 89.604
280: time = 1.979000 loss = 9.147422
Resulting gain: 0.2921230366248686
RFBO_5 response curves
Response curve: only anom
Making features
makeFeatures: max memory 536870912, total allocated 199229440, free 107941952, used 91287488, increment -6048888
RFBO_5 anom: 
Regularization values: linear/quadratic/product: 0.050, categorical: 0.250, threshold: 1.000, hinge: 0.500
2759 samples
Density: max memory 536870912, total allocated 199229440, free 106828352, used 92401088, increment 1113600
linearPredictor: max memory 536870912, total allocated 199229440, free 106727728, used 92501712, increment 100624
FeaturedSpace: max memory 536870912, total allocated 199229440, free 106727728, used 92501712, increment 0
Sequential: max memory 536870912, total allocated 199229440, free 106727728, used 92501712, increment 0
Initial loss: 9.439545514668987
160: time = 0.676000 loss = 9.415166
Resulting gain: 0.02437998567779509
RFBO_5 response curves
Response curve: only bathy
Making features
makeFeatures: max memory 536870912, total allocated 199229440, free 89067592, used 110161848, increment 17660136
RFBO_5 bathy: 
Regularization values: linear/quadratic/product: 0.050, categorical: 0.250, threshold: 1.000, hinge: 0.500
2759 samples
Density: max memory 536870912, total allocated 199229440, free 87797848, used 111431592, increment 1269744
linearPredictor: max memory 536870912, total allocated 199229440, free 87697224, used 111532216, increment 100624
FeaturedSpace: max memory 536870912, total allocated 199229440, free 87697224, used 111532216, increment 0
Sequential: max memory 536870912, total allocated 199229440, free 87697224, used 111532216, increment 0
Initial loss: 9.439545514668987
Time since start: 92.552
340: time = 2.100000 loss = 9.321559
Resulting gain: 0.11798637752606389
RFBO_5 response curves
Response curve: only sst
Making features
makeFeatures: max memory 536870912, total allocated 199229440, free 43572200, used 155657240, increment 44125024
RFBO_5 sst: 
Regularization values: linear/quadratic/product: 0.050, categorical: 0.250, threshold: 1.000, hinge: 0.500
2759 samples
Density: max memory 536870912, total allocated 199229440, free 41973240, used 157256200, increment 1598960
linearPredictor: max memory 536870912, total allocated 199229440, free 41973240, used 157256200, increment 0
FeaturedSpace: max memory 536870912, total allocated 199229440, free 41973240, used 157256200, increment 0
Sequential: max memory 536870912, total allocated 199229440, free 41973240, used 157256200, increment 0
Initial loss: 9.439545514668987
Time since start: 94.277
340: time = 1.633000 loss = 9.267477
Resulting gain: 0.17206820209002593
RFBO_5 response curves
getSamples: max memory 536870912, total allocated 199229440, free 52941248, used 146288192, increment -10968008
Making features
makeFeatures: max memory 536870912, total allocated 199229440, free 50408760, used 148820680, increment 2532488
RFBO_6: 
Regularization values: linear/quadratic/product: 0.050, categorical: 0.250, threshold: 1.000, hinge: 0.500
2759 samples
Density: max memory 536870912, total allocated 199229440, free 44025752, used 155203688, increment 6383008
linearPredictor: max memory 536870912, total allocated 199229440, free 44025752, used 155203688, increment 0
FeaturedSpace: max memory 536870912, total allocated 199229440, free 44025752, used 155203688, increment 0
Sequential: max memory 536870912, total allocated 199229440, free 44025752, used 155203688, increment 0
Initial loss: 9.43946599496794
Initial test loss: 9.43946599496794
Time since start: 101.167
500: time = 6.000000 loss = 8.962995 testLoss 8.970057
Resulting gain: 0.4764714873934217
Projecting...
Writing file analysis/maxent/KPC/ert/RFBO_6.csv
RFBO_6 response curves
Response curve: only Ert
Making features
makeFeatures: max memory 536870912, total allocated 199229440, free 35726336, used 163503104, increment 8299416
RFBO_6 Ert: 
Regularization values: linear/quadratic/product: 0.050, categorical: 0.250, threshold: 1.000, hinge: 0.500
2759 samples
Density: max memory 536870912, total allocated 199229440, free 33575448, used 165653992, increment 2150888
linearPredictor: max memory 536870912, total allocated 199229440, free 33474832, used 165754608, increment 100616
FeaturedSpace: max memory 536870912, total allocated 199229440, free 33474832, used 165754608, increment 0
Sequential: max memory 536870912, total allocated 199229440, free 33474832, used 165754608, increment 0
Initial loss: 9.43946599496794
Time since start: 103.859
260: time = 1.903000 loss = 9.139479
Resulting gain: 0.2999873044936372
RFBO_6 response curves
Response curve: only anom
Making features
makeFeatures: max memory 536870912, total allocated 199229440, free 63213752, used 136015688, increment -29738920
RFBO_6 anom: 
Regularization values: linear/quadratic/product: 0.050, categorical: 0.250, threshold: 1.000, hinge: 0.500
2759 samples
Density: max memory 536870912, total allocated 199229440, free 61701752, used 137527688, increment 1512000
linearPredictor: max memory 536870912, total allocated 199229440, free 61701752, used 137527688, increment 0
FeaturedSpace: max memory 536870912, total allocated 199229440, free 61701752, used 137527688, increment 0
Sequential: max memory 536870912, total allocated 199229440, free 61701752, used 137527688, increment 0
Initial loss: 9.43946599496794
180: time = 0.786000 loss = 9.414420
Resulting gain: 0.02504638509874546
RFBO_6 response curves
Response curve: only bathy
Making features
makeFeatures: max memory 536870912, total allocated 199229440, free 42579792, used 156649648, increment 19121960
RFBO_6 bathy: 
Regularization values: linear/quadratic/product: 0.050, categorical: 0.250, threshold: 1.000, hinge: 0.500
2759 samples
Density: max memory 536870912, total allocated 199229440, free 41042232, used 158187208, increment 1537560
linearPredictor: max memory 536870912, total allocated 199229440, free 40941616, used 158287824, increment 100616
FeaturedSpace: max memory 536870912, total allocated 199229440, free 40941616, used 158287824, increment 0
Sequential: max memory 536870912, total allocated 199229440, free 40941616, used 158287824, increment 0
Initial loss: 9.43946599496794
Time since start: 107.936
380: time = 3.121000 loss = 9.322026
Resulting gain: 0.11744041718784892
RFBO_6 response curves
Response curve: only sst
Making features
makeFeatures: max memory 536870912, total allocated 199229440, free 47592400, used 151637040, increment -6650784
RFBO_6 sst: 
Regularization values: linear/quadratic/product: 0.050, categorical: 0.250, threshold: 1.000, hinge: 0.500
2759 samples
Density: max memory 536870912, total allocated 199229440, free 46383904, used 152845536, increment 1208496
linearPredictor: max memory 536870912, total allocated 199229440, free 46283288, used 152946152, increment 100616
FeaturedSpace: max memory 536870912, total allocated 199229440, free 46283288, used 152946152, increment 0
Sequential: max memory 536870912, total allocated 199229440, free 46283288, used 152946152, increment 0
Initial loss: 9.43946599496794
Time since start: 110.341
280: time = 2.224000 loss = 9.264660
Resulting gain: 0.17480619959049548
RFBO_6 response curves
Time since start: 111.434
getSamples: max memory 536870912, total allocated 199229440, free 41989328, used 157240112, increment 4293960
Making features
makeFeatures: max memory 536870912, total allocated 199229440, free 39029624, used 160199816, increment 2959704
RFBO_7: 
Regularization values: linear/quadratic/product: 0.050, categorical: 0.250, threshold: 1.000, hinge: 0.500
2759 samples
Density: max memory 536870912, total allocated 199229440, free 32993640, used 166235800, increment 6035984
linearPredictor: max memory 536870912, total allocated 199229440, free 32893008, used 166336432, increment 100632
FeaturedSpace: max memory 536870912, total allocated 199229440, free 32893008, used 166336432, increment 0
Sequential: max memory 536870912, total allocated 199229440, free 32893008, used 166336432, increment 0
Initial loss: 9.439625028047155
Initial test loss: 9.439625028047155
Time since start: 119.586
500: time = 7.427000 loss = 8.965007 testLoss 8.964289
Resulting gain: 0.47461791569686795
Projecting...
Writing file analysis/maxent/KPC/ert/RFBO_7.csv
RFBO_7 response curves
Response curve: only Ert
Making features
makeFeatures: max memory 536870912, total allocated 281018368, free 64529440, used 216488928, increment 50152496
RFBO_7 Ert: 
Regularization values: linear/quadratic/product: 0.050, categorical: 0.250, threshold: 1.000, hinge: 0.500
2759 samples
Density: max memory 536870912, total allocated 281018368, free 62490008, used 218528360, increment 2039432
linearPredictor: max memory 536870912, total allocated 281018368, free 62389376, used 218628992, increment 100632
FeaturedSpace: max memory 536870912, total allocated 281018368, free 62389376, used 218628992, increment 0
Sequential: max memory 536870912, total allocated 281018368, free 62389376, used 218628992, increment 0
Initial loss: 9.439625028047155
Time since start: 122.718
260: time = 2.397000 loss = 9.140037
Resulting gain: 0.29958759966977766
RFBO_7 response curves
Response curve: only anom
Making features
makeFeatures: max memory 536870912, total allocated 281018368, free 61890384, used 219127984, increment 498992
RFBO_7 anom: 
Regularization values: linear/quadratic/product: 0.050, categorical: 0.250, threshold: 1.000, hinge: 0.500
2759 samples
Density: max memory 536870912, total allocated 281018368, free 60373344, used 220645024, increment 1517040
linearPredictor: max memory 536870912, total allocated 281018368, free 60373344, used 220645024, increment 0
FeaturedSpace: max memory 536870912, total allocated 281018368, free 60373344, used 220645024, increment 0
Sequential: max memory 536870912, total allocated 281018368, free 60373344, used 220645024, increment 0
Initial loss: 9.439625028047155
Time since start: 123.851
180: time = 1.037000 loss = 9.414963
Resulting gain: 0.024661735465299373
RFBO_7 response curves
Response curve: only bathy
Making features
makeFeatures: max memory 536870912, total allocated 281018368, free 40702656, used 240315712, increment 19670688
RFBO_7 bathy: 
Regularization values: linear/quadratic/product: 0.050, categorical: 0.250, threshold: 1.000, hinge: 0.500
2759 samples
Density: max memory 536870912, total allocated 281018368, free 39223088, used 241795280, increment 1479568
linearPredictor: max memory 536870912, total allocated 281018368, free 39122456, used 241895912, increment 100632
FeaturedSpace: max memory 536870912, total allocated 281018368, free 39122456, used 241895912, increment 0
Sequential: max memory 536870912, total allocated 281018368, free 39122456, used 241895912, increment 0
Initial loss: 9.439625028047155
Time since start: 126.779
360: time = 2.817000 loss = 9.321725
Resulting gain: 0.11790007780462375
RFBO_7 response curves
Response curve: only sst
Making features
makeFeatures: max memory 536870912, total allocated 281018368, free 45734344, used 235284024, increment -6611888
RFBO_7 sst: 
Regularization values: linear/quadratic/product: 0.050, categorical: 0.250, threshold: 1.000, hinge: 0.500
2759 samples
Density: max memory 536870912, total allocated 281018368, free 44299936, used 236718432, increment 1434408
linearPredictor: max memory 536870912, total allocated 281018368, free 44199304, used 236819064, increment 100632
FeaturedSpace: max memory 536870912, total allocated 281018368, free 44199304, used 236819064, increment 0
Sequential: max memory 536870912, total allocated 281018368, free 44199304, used 236819064, increment 0
Initial loss: 9.439625028047155
Time since start: 128.442
320: time = 1.541000 loss = 9.264272
Resulting gain: 0.1753527268242845
RFBO_7 response curves
getSamples: max memory 536870912, total allocated 281018368, free 37154960, used 243863408, increment 7044344
Making features
makeFeatures: max memory 536870912, total allocated 281018368, free 73061536, used 207956832, increment -35906576
RFBO_8: 
Regularization values: linear/quadratic/product: 0.050, categorical: 0.250, threshold: 1.000, hinge: 0.500
2759 samples
Density: max memory 536870912, total allocated 281018368, free 66592056, used 214426312, increment 6469480
linearPredictor: max memory 536870912, total allocated 281018368, free 66592056, used 214426312, increment 0
FeaturedSpace: max memory 536870912, total allocated 281018368, free 66592056, used 214426312, increment 0
Sequential: max memory 536870912, total allocated 281018368, free 66592056, used 214426312, increment 0
Initial loss: 9.43946599496794
Initial test loss: 9.43946599496794
Time since start: 135.511
500: time = 6.164000 loss = 8.966084 testLoss 8.950828
Resulting gain: 0.47338166941299775
Projecting...
Writing file analysis/maxent/KPC/ert/RFBO_8.csv
RFBO_8 response curves
Response curve: only Ert
Making features
makeFeatures: max memory 536870912, total allocated 281018368, free 40812496, used 240205872, increment 25779560
RFBO_8 Ert: 
Regularization values: linear/quadratic/product: 0.050, categorical: 0.250, threshold: 1.000, hinge: 0.500
2759 samples
Density: max memory 536870912, total allocated 281018368, free 38606872, used 242411496, increment 2205624
linearPredictor: max memory 536870912, total allocated 281018368, free 38506256, used 242512112, increment 100616
FeaturedSpace: max memory 536870912, total allocated 281018368, free 38506256, used 242512112, increment 0
Sequential: max memory 536870912, total allocated 281018368, free 38506256, used 242512112, increment 0
Initial loss: 9.43946599496794
Time since start: 138.091
260: time = 1.985000 loss = 9.143839
Resulting gain: 0.29562665404585076
RFBO_8 response curves
Response curve: only anom
Making features
makeFeatures: max memory 536870912, total allocated 281018368, free 30744416, used 250273952, increment 7761840
RFBO_8 anom: 
Regularization values: linear/quadratic/product: 0.050, categorical: 0.250, threshold: 1.000, hinge: 0.500
2759 samples
Density: max memory 536870912, total allocated 281018368, free 40241408, used 240776960, increment -9496992
linearPredictor: max memory 536870912, total allocated 281018368, free 40140792, used 240877576, increment 100616
FeaturedSpace: max memory 536870912, total allocated 281018368, free 40140792, used 240877576, increment 0
Sequential: max memory 536870912, total allocated 281018368, free 40140792, used 240877576, increment 0
Initial loss: 9.43946599496794
160: time = 0.723000 loss = 9.414877
Resulting gain: 0.02458898801682352
RFBO_8 response curves
Response curve: only bathy
Making features
makeFeatures: max memory 536870912, total allocated 281018368, free 32299760, used 248718608, increment 7841032
RFBO_8 bathy: 
Regularization values: linear/quadratic/product: 0.050, categorical: 0.250, threshold: 1.000, hinge: 0.500
2759 samples
Density: max memory 536870912, total allocated 281018368, free 30761312, used 250257056, increment 1538448
linearPredictor: max memory 536870912, total allocated 281018368, free 30660696, used 250357672, increment 100616
FeaturedSpace: max memory 536870912, total allocated 281018368, free 30660696, used 250357672, increment 0
Sequential: max memory 536870912, total allocated 281018368, free 30660696, used 250357672, increment 0
Initial loss: 9.43946599496794
Time since start: 141.162
300: time = 2.193000 loss = 9.324087
Resulting gain: 0.11537943584473531
RFBO_8 response curves
Response curve: only sst
Making features
makeFeatures: max memory 536870912, total allocated 281018368, free 25330600, used 255687768, increment 5330096
RFBO_8 sst: 
Regularization values: linear/quadratic/product: 0.050, categorical: 0.250, threshold: 1.000, hinge: 0.500
2759 samples
Density: max memory 536870912, total allocated 281018368, free 23979152, used 257039216, increment 1351448
linearPredictor: max memory 536870912, total allocated 281018368, free 23878536, used 257139832, increment 100616
FeaturedSpace: max memory 536870912, total allocated 281018368, free 23878536, used 257139832, increment 0
Sequential: max memory 536870912, total allocated 281018368, free 23878536, used 257139832, increment 0
Initial loss: 9.43946599496794
Time since start: 142.883
400: time = 1.643000 loss = 9.268151
Resulting gain: 0.1713145857570595
RFBO_8 response curves
getSamples: max memory 536870912, total allocated 281018368, free 76446152, used 204572216, increment -52567616
Making features
makeFeatures: max memory 536870912, total allocated 281018368, free 73792504, used 207225864, increment 2653648
RFBO_9: 
Regularization values: linear/quadratic/product: 0.050, categorical: 0.250, threshold: 1.000, hinge: 0.500
2759 samples
Density: max memory 536870912, total allocated 281018368, free 106178440, used 174839928, increment -32385936
linearPredictor: max memory 536870912, total allocated 281018368, free 106077808, used 174940560, increment 100632
FeaturedSpace: max memory 536870912, total allocated 281018368, free 105871144, used 175147224, increment 206664
Sequential: max memory 536870912, total allocated 281018368, free 105871144, used 175147224, increment 0
Initial loss: 9.439625028047155
Initial test loss: 9.439625028047155
Time since start: 149.295
500: time = 5.544000 loss = 8.964954 testLoss 8.969454
Resulting gain: 0.4746705755586582
Projecting...
Writing file analysis/maxent/KPC/ert/RFBO_9.csv
RFBO_9 response curves
Response curve: only Ert
Making features
makeFeatures: max memory 536870912, total allocated 281018368, free 114255952, used 166762416, increment -8384808
RFBO_9 Ert: 
Regularization values: linear/quadratic/product: 0.050, categorical: 0.250, threshold: 1.000, hinge: 0.500
2759 samples
Density: max memory 536870912, total allocated 281018368, free 112045128, used 168973240, increment 2210824
linearPredictor: max memory 536870912, total allocated 281018368, free 111944496, used 169073872, increment 100632
FeaturedSpace: max memory 536870912, total allocated 281018368, free 111944496, used 169073872, increment 0
Sequential: max memory 536870912, total allocated 281018368, free 111944496, used 169073872, increment 0
Initial loss: 9.439625028047155
Time since start: 152.329
300: time = 2.421000 loss = 9.144527
Resulting gain: 0.295098469926387
RFBO_9 response curves
Response curve: only anom
Making features
makeFeatures: max memory 536870912, total allocated 281018368, free 193265304, used 87753064, increment -81320808
RFBO_9 anom: 
Regularization values: linear/quadratic/product: 0.050, categorical: 0.250, threshold: 1.000, hinge: 0.500
2759 samples
Density: max memory 536870912, total allocated 281018368, free 191845832, used 89172536, increment 1419472
linearPredictor: max memory 536870912, total allocated 281018368, free 191745200, used 89273168, increment 100632
FeaturedSpace: max memory 536870912, total allocated 281018368, free 191745200, used 89273168, increment 0
Sequential: max memory 536870912, total allocated 281018368, free 191745200, used 89273168, increment 0
Initial loss: 9.439625028047155
160: time = 0.788000 loss = 9.414884
Resulting gain: 0.024741306862775758
RFBO_9 response curves
Response curve: only bathy
Making features
makeFeatures: max memory 536870912, total allocated 281018368, free 173984264, used 107034104, increment 17760936
RFBO_9 bathy: 
Regularization values: linear/quadratic/product: 0.050, categorical: 0.250, threshold: 1.000, hinge: 0.500
2759 samples
Density: max memory 536870912, total allocated 281018368, free 172445128, used 108573240, increment 1539136
linearPredictor: max memory 536870912, total allocated 281018368, free 172344496, used 108673872, increment 100632
FeaturedSpace: max memory 536870912, total allocated 281018368, free 172344496, used 108673872, increment 0
Sequential: max memory 536870912, total allocated 281018368, free 172344496, used 108673872, increment 0
Initial loss: 9.439625028047155
Time since start: 156.393
420: time = 3.099000 loss = 9.327281
Resulting gain: 0.11234369461728555
RFBO_9 response curves
Response curve: only sst
Making features
makeFeatures: max memory 536870912, total allocated 281018368, free 55388880, used 225629488, increment 116955616
RFBO_9 sst: 
Regularization values: linear/quadratic/product: 0.050, categorical: 0.250, threshold: 1.000, hinge: 0.500
2759 samples
Density: max memory 536870912, total allocated 281018368, free 53924896, used 227093472, increment 1463984
linearPredictor: max memory 536870912, total allocated 281018368, free 53924896, used 227093472, increment 0
FeaturedSpace: max memory 536870912, total allocated 281018368, free 53924896, used 227093472, increment 0
Sequential: max memory 536870912, total allocated 281018368, free 53924896, used 227093472, increment 0
Initial loss: 9.439625028047155
Time since start: 158.047
380: time = 1.550000 loss = 9.257737
Resulting gain: 0.18188772036284284
RFBO_9 response curves
Reading file kpc_background.csv
readGrid: max memory 536870912, total allocated 281018368, free 99285696, used 181732672, increment -45360800
Reading file kpc_background.csv
readGrid: max memory 536870912, total allocated 281018368, free 157503808, used 123514560, increment -58218112
Reading file kpc_background.csv
readGrid: max memory 536870912, total allocated 281018368, free 58408680, used 222609688, increment 99095128
Reading file kpc_background.csv
readGrid: max memory 536870912, total allocated 281018368, free 119376384, used 161641984, increment -60967704
Time since start: 159.08
Reading file kpc_background.csv
readGrid: max memory 536870912, total allocated 281018368, free 173950032, used 107068336, increment -54573648
Reading file kpc_background.csv
readGrid: max memory 536870912, total allocated 281018368, free 74335312, used 206683056, increment 99614720
Reading file kpc_background.csv
readGrid: max memory 536870912, total allocated 281018368, free 131915832, used 149102536, increment -57580520
Reading file kpc_background.csv
readGrid: max memory 536870912, total allocated 281018368, free 188744192, used 92274176, increment -56828360
Reading file kpc_background.csv
readGrid: max memory 536870912, total allocated 281018368, free 89655808, used 191362560, increment 99088384
Reading file kpc_background.csv
readGrid: max memory 536870912, total allocated 281018368, free 145174608, used 135843760, increment -55518800
Creating average grid, stddev grid etc.
Writing file analysis/maxent/KPC/ert/RFBO_avg.csv
Writing file analysis/maxent/KPC/ert/RFBO_stddev.csv
Writing file analysis/maxent/KPC/ert/RFBO_min.csv
Writing file analysis/maxent/KPC/ert/RFBO_max.csv
Writing file analysis/maxent/KPC/ert/RFBO_median.csv
Time since start: 160.367
RFBO average response curves
Time since start: 161.429
Ending
