Sat Apr 21 19:38:01 PDT 2018
MaxEnt version 3.4.1
Reading file kpc_background.csv
readGrid: max memory 536870912, total allocated 67108864, free 39190600, used 27918264, increment 27918264
Reading samples from rfbo_accessible.csv
Read samples: max memory 536870912, total allocated 67108864, free 36320864, used 30788000, increment 2869736
Adding samples to background in feature space
Command line used:  environmentallayers=data/out/Presences/kpc_background.csv samplesfile=data/out/Presences/rfbo_accessible.csv outputdirectory=analysis/maxent/KPC/envonly togglelayerselected=LocDate togglelayerselected=Ert togglelayerselected=D2C togglelayerselected=UD outputformat=raw replicates=10 redoifexists autorun responsecurves writeplotdata
Command line to repeat: java density.MaxEnt nowarnings noprefixes responsecurves outputformat=raw outputdirectory=analysis/maxent/KPC/envonly samplesfile=data/out/Presences/rfbo_accessible.csv environmentallayers=data/out/Presences/kpc_background.csv noaskoverwrite replicates=10 autorun writeplotdata -N D2C -N Ert -N LocDate -N UD
Species: RFBO_0 RFBO_1 RFBO_2 RFBO_3 RFBO_4 RFBO_5 RFBO_6 RFBO_7 RFBO_8 RFBO_9
Layers: anom bathy sst
Layertypes: Continuous Continuous Continuous
responsecurves: true
outputformat: raw
outputdirectory: analysis/maxent/KPC/envonly
samplesfile: data/out/Presences/rfbo_accessible.csv
environmentallayers: data/out/Presences/kpc_background.csv
askoverwrite: false
replicates: 10
autorun: true
writeplotdata: true

getSamples: max memory 536870912, total allocated 67108864, free 40966920, used 26141944, increment -4646056
Making features
makeFeatures: max memory 536870912, total allocated 67108864, free 38678480, used 28430384, increment 2288440
RFBO_0: 
Regularization values: linear/quadratic/product: 0.050, categorical: 0.250, threshold: 1.000, hinge: 0.500
Time since start: 1.255
2758 samples
Density: max memory 536870912, total allocated 67108864, free 33668936, used 33439928, increment 5009544
linearPredictor: max memory 536870912, total allocated 67108864, free 33668936, used 33439928, increment 0
FeaturedSpace: max memory 536870912, total allocated 67108864, free 33668936, used 33439928, increment 0
Sequential: max memory 536870912, total allocated 67108864, free 33668936, used 33439928, increment 0
Initial loss: 9.438113191674054
Initial test loss: 9.438113191674054
Time since start: 6.41
500: time = 4.836000 loss = 9.191214 testLoss 9.150684
Resulting gain: 0.24689874931068623
Time since start: 7.511
Projecting...
Writing file analysis/maxent/KPC/envonly/RFBO_0.csv
RFBO_0 response curves
Time since start: 8.89
Response curve: only anom
Making features
makeFeatures: max memory 536870912, total allocated 72351744, free 29485120, used 42866624, increment 9426696
RFBO_0 anom: 
Regularization values: linear/quadratic/product: 0.050, categorical: 0.250, threshold: 1.000, hinge: 0.500
2758 samples
Density: max memory 536870912, total allocated 72351744, free 27888504, used 44463240, increment 1596616
linearPredictor: max memory 536870912, total allocated 72351744, free 27888504, used 44463240, increment 0
FeaturedSpace: max memory 536870912, total allocated 72351744, free 27888504, used 44463240, increment 0
Sequential: max memory 536870912, total allocated 72351744, free 27888504, used 44463240, increment 0
Initial loss: 9.438113191674054
Time since start: 10.224
180: time = 1.181000 loss = 9.413620
Resulting gain: 0.024493271032190123
RFBO_0 response curves
Response curve: only bathy
Making features
makeFeatures: max memory 536870912, total allocated 72351744, free 34224464, used 38127280, increment -6335960
RFBO_0 bathy: 
Regularization values: linear/quadratic/product: 0.050, categorical: 0.250, threshold: 1.000, hinge: 0.500
2758 samples
Density: max memory 536870912, total allocated 72351744, free 32126104, used 40225640, increment 2098360
linearPredictor: max memory 536870912, total allocated 72351744, free 31949240, used 40402504, increment 176864
FeaturedSpace: max memory 536870912, total allocated 72351744, free 31949240, used 40402504, increment 0
Sequential: max memory 536870912, total allocated 72351744, free 31949240, used 40402504, increment 0
Initial loss: 9.438113191674054
Time since start: 13.68
360: time = 3.085000 loss = 9.321459
Resulting gain: 0.11665401632696693
RFBO_0 response curves
Response curve: only sst
Making features
makeFeatures: max memory 536870912, total allocated 72351744, free 24816048, used 47535696, increment 7133192
RFBO_0 sst: 
Regularization values: linear/quadratic/product: 0.050, categorical: 0.250, threshold: 1.000, hinge: 0.500
2758 samples
Density: max memory 536870912, total allocated 72351744, free 23274048, used 49077696, increment 1542000
linearPredictor: max memory 536870912, total allocated 72351744, free 23274048, used 49077696, increment 0
FeaturedSpace: max memory 536870912, total allocated 72351744, free 23274048, used 49077696, increment 0
Sequential: max memory 536870912, total allocated 72351744, free 23274048, used 49077696, increment 0
Initial loss: 9.438113191674054
Time since start: 15.809
340: time = 1.908000 loss = 9.264503
Resulting gain: 0.17361044585162944
RFBO_0 response curves
getSamples: max memory 536870912, total allocated 72351744, free 32846576, used 39505168, increment -9572528
Making features
makeFeatures: max memory 536870912, total allocated 72351744, free 41288968, used 31062776, increment -8442392
RFBO_1: 
Regularization values: linear/quadratic/product: 0.050, categorical: 0.250, threshold: 1.000, hinge: 0.500
Time since start: 16.821
2758 samples
Density: max memory 536870912, total allocated 72351744, free 38049456, used 34302288, increment 3239512
linearPredictor: max memory 536870912, total allocated 72351744, free 38049456, used 34302288, increment 0
FeaturedSpace: max memory 536870912, total allocated 72351744, free 38049456, used 34302288, increment 0
Sequential: max memory 536870912, total allocated 72351744, free 38049456, used 34302288, increment 0
Initial loss: 9.438113191674054
Initial test loss: 9.438113191674054
Time since start: 20.011
500: time = 3.168000 loss = 9.188828 testLoss 9.174284
Resulting gain: 0.2492847036817487
Projecting...
Writing file analysis/maxent/KPC/envonly/RFBO_1.csv
RFBO_1 response curves
Response curve: only anom
Making features
makeFeatures: max memory 536870912, total allocated 73400320, free 27008944, used 46391376, increment 12089088
RFBO_1 anom: 
Regularization values: linear/quadratic/product: 0.050, categorical: 0.250, threshold: 1.000, hinge: 0.500
2758 samples
Density: max memory 536870912, total allocated 73400320, free 25606664, used 47793656, increment 1402280
linearPredictor: max memory 536870912, total allocated 73400320, free 25506184, used 47894136, increment 100480
FeaturedSpace: max memory 536870912, total allocated 73400320, free 25506184, used 47894136, increment 0
Sequential: max memory 536870912, total allocated 73400320, free 25506184, used 47894136, increment 0
Initial loss: 9.438113191674054
Time since start: 21.828
140: time = 0.874000 loss = 9.413749
Resulting gain: 0.024364203063713674
RFBO_1 response curves
Response curve: only bathy
Making features
makeFeatures: max memory 536870912, total allocated 73400320, free 37587896, used 35812424, increment -12081712
RFBO_1 bathy: 
Regularization values: linear/quadratic/product: 0.050, categorical: 0.250, threshold: 1.000, hinge: 0.500
2758 samples
Density: max memory 536870912, total allocated 73400320, free 35459240, used 37941080, increment 2128656
linearPredictor: max memory 536870912, total allocated 73400320, free 35459240, used 37941080, increment 0
FeaturedSpace: max memory 536870912, total allocated 73400320, free 35459240, used 37941080, increment 0
Sequential: max memory 536870912, total allocated 73400320, free 35406432, used 37993888, increment 52808
Initial loss: 9.438113191674054
Time since start: 25.488
380: time = 3.459000 loss = 9.322405
Resulting gain: 0.1157082359401933
RFBO_1 response curves
Response curve: only sst
Making features
makeFeatures: max memory 536870912, total allocated 73400320, free 12428056, used 60972264, increment 22978376
RFBO_1 sst: 
Regularization values: linear/quadratic/product: 0.050, categorical: 0.250, threshold: 1.000, hinge: 0.500
2758 samples
Density: max memory 536870912, total allocated 73400320, free 29639920, used 43760400, increment -17211864
linearPredictor: max memory 536870912, total allocated 73400320, free 29539440, used 43860880, increment 100480
FeaturedSpace: max memory 536870912, total allocated 73400320, free 29539440, used 43860880, increment 0
Sequential: max memory 536870912, total allocated 73400320, free 29539440, used 43860880, increment 0
Initial loss: 9.438113191674054
Time since start: 27.15
380: time = 1.498000 loss = 9.259740
Resulting gain: 0.17837269847813708
RFBO_1 response curves
getSamples: max memory 536870912, total allocated 73400320, free 18693024, used 54707296, increment 10846416
Making features
makeFeatures: max memory 536870912, total allocated 73400320, free 16780952, used 56619368, increment 1912072
RFBO_2: 
Regularization values: linear/quadratic/product: 0.050, categorical: 0.250, threshold: 1.000, hinge: 0.500
2758 samples
Density: max memory 536870912, total allocated 73400320, free 12799776, used 60600544, increment 3981176
linearPredictor: max memory 536870912, total allocated 73400320, free 12699312, used 60701008, increment 100464
FeaturedSpace: max memory 536870912, total allocated 73400320, free 12699312, used 60701008, increment 0
Sequential: max memory 536870912, total allocated 73400320, free 12699312, used 60701008, increment 0
Initial loss: 9.437953917961844
Initial test loss: 9.437953917961844
Time since start: 31.006
500: time = 3.125000 loss = 9.190808 testLoss 9.155484
Resulting gain: 0.24714557795125813
Projecting...
Writing file analysis/maxent/KPC/envonly/RFBO_2.csv
RFBO_2 response curves
Response curve: only anom
Making features
makeFeatures: max memory 536870912, total allocated 88080384, free 23785952, used 64294432, increment 3593424
RFBO_2 anom: 
Regularization values: linear/quadratic/product: 0.050, categorical: 0.250, threshold: 1.000, hinge: 0.500
2758 samples
Density: max memory 536870912, total allocated 88080384, free 36413192, used 51667192, increment -12627240
linearPredictor: max memory 536870912, total allocated 88080384, free 36312728, used 51767656, increment 100464
FeaturedSpace: max memory 536870912, total allocated 88080384, free 36312728, used 51767656, increment 0
Sequential: max memory 536870912, total allocated 88080384, free 36312728, used 51767656, increment 0
Initial loss: 9.437953917961844
Time since start: 32.524
160: time = 0.808000 loss = 9.412828
Resulting gain: 0.02512568742185195
RFBO_2 response curves
Response curve: only bathy
Making features
makeFeatures: max memory 536870912, total allocated 88080384, free 48097712, used 39982672, increment -11784984
RFBO_2 bathy: 
Regularization values: linear/quadratic/product: 0.050, categorical: 0.250, threshold: 1.000, hinge: 0.500
2758 samples
Density: max memory 536870912, total allocated 88080384, free 46440376, used 41640008, increment 1657336
linearPredictor: max memory 536870912, total allocated 88080384, free 46440376, used 41640008, increment 0
FeaturedSpace: max memory 536870912, total allocated 88080384, free 46440376, used 41640008, increment 0
Sequential: max memory 536870912, total allocated 88080384, free 46440376, used 41640008, increment 0
Initial loss: 9.437953917961844
Time since start: 35.27
380: time = 2.647000 loss = 9.321991
Resulting gain: 0.11596262808524038
RFBO_2 response curves
Response curve: only sst
Making features
makeFeatures: max memory 536870912, total allocated 88080384, free 23602640, used 64477744, increment 22837736
RFBO_2 sst: 
Regularization values: linear/quadratic/product: 0.050, categorical: 0.250, threshold: 1.000, hinge: 0.500
2758 samples
Density: max memory 536870912, total allocated 88080384, free 22371736, used 65708648, increment 1230904
linearPredictor: max memory 536870912, total allocated 88080384, free 22271272, used 65809112, increment 100464
FeaturedSpace: max memory 536870912, total allocated 88080384, free 22271272, used 65809112, increment 0
Sequential: max memory 536870912, total allocated 88080384, free 22271272, used 65809112, increment 0
Initial loss: 9.437953917961844
Time since start: 36.579
340: time = 1.210000 loss = 9.264412
Resulting gain: 0.17354157427211447
RFBO_2 response curves
getSamples: max memory 536870912, total allocated 88080384, free 25239144, used 62841240, increment -2967872
Making features
makeFeatures: max memory 536870912, total allocated 88080384, free 23716584, used 64363800, increment 1522560
RFBO_3: 
Regularization values: linear/quadratic/product: 0.050, categorical: 0.250, threshold: 1.000, hinge: 0.500
2758 samples
Density: max memory 536870912, total allocated 88080384, free 19587208, used 68493176, increment 4129376
linearPredictor: max memory 536870912, total allocated 88080384, free 19587208, used 68493176, increment 0
FeaturedSpace: max memory 536870912, total allocated 88080384, free 19480064, used 68600320, increment 107144
Sequential: max memory 536870912, total allocated 88080384, free 19480064, used 68600320, increment 0
Initial loss: 9.437953917961844
Initial test loss: 9.437953917961844
Time since start: 40.061
500: time = 2.945000 loss = 9.193074 testLoss 9.130293
Resulting gain: 0.24487964255024153
Projecting...
Writing file analysis/maxent/KPC/envonly/RFBO_3.csv
RFBO_3 response curves
Response curve: only anom
Making features
makeFeatures: max memory 536870912, total allocated 88080384, free 38692576, used 49387808, increment -19212512
RFBO_3 anom: 
Regularization values: linear/quadratic/product: 0.050, categorical: 0.250, threshold: 1.000, hinge: 0.500
2758 samples
Density: max memory 536870912, total allocated 88080384, free 37265464, used 50814920, increment 1427112
linearPredictor: max memory 536870912, total allocated 88080384, free 37165000, used 50915384, increment 100464
FeaturedSpace: max memory 536870912, total allocated 88080384, free 37165000, used 50915384, increment 0
Sequential: max memory 536870912, total allocated 88080384, free 37165000, used 50915384, increment 0
Initial loss: 9.437953917961844
Time since start: 41.373
180: time = 0.727000 loss = 9.413459
Resulting gain: 0.024495198950036823
RFBO_3 response curves
Response curve: only bathy
Making features
makeFeatures: max memory 536870912, total allocated 88080384, free 43064064, used 45016320, increment -5899064
RFBO_3 bathy: 
Regularization values: linear/quadratic/product: 0.050, categorical: 0.250, threshold: 1.000, hinge: 0.500
2758 samples
Density: max memory 536870912, total allocated 88080384, free 41477936, used 46602448, increment 1586128
linearPredictor: max memory 536870912, total allocated 88080384, free 41377472, used 46702912, increment 100464
FeaturedSpace: max memory 536870912, total allocated 88080384, free 41377472, used 46702912, increment 0
Sequential: max memory 536870912, total allocated 88080384, free 41377472, used 46702912, increment 0
Initial loss: 9.437953917961844
Time since start: 42.824
260: time = 1.352000 loss = 9.321447
Resulting gain: 0.11650680308303407
RFBO_3 response curves
Response curve: only sst
Making features
makeFeatures: max memory 536870912, total allocated 88080384, free 34755840, used 53324544, increment 6621632
RFBO_3 sst: 
Regularization values: linear/quadratic/product: 0.050, categorical: 0.250, threshold: 1.000, hinge: 0.500
2758 samples
Density: max memory 536870912, total allocated 88080384, free 33520032, used 54560352, increment 1235808
linearPredictor: max memory 536870912, total allocated 88080384, free 33419568, used 54660816, increment 100464
FeaturedSpace: max memory 536870912, total allocated 88080384, free 33419568, used 54660816, increment 0
Sequential: max memory 536870912, total allocated 88080384, free 33419568, used 54660816, increment 0
Initial loss: 9.437953917961844
Time since start: 44.239
380: time = 1.336000 loss = 9.264514
Resulting gain: 0.1734401066183242
RFBO_3 response curves
getSamples: max memory 536870912, total allocated 88080384, free 32664184, used 55416200, increment 755384
Making features
makeFeatures: max memory 536870912, total allocated 88080384, free 30816192, used 57264192, increment 1847992
RFBO_4: 
Regularization values: linear/quadratic/product: 0.050, categorical: 0.250, threshold: 1.000, hinge: 0.500
2758 samples
Density: max memory 536870912, total allocated 88080384, free 26799688, used 61280696, increment 4016504
linearPredictor: max memory 536870912, total allocated 88080384, free 26699232, used 61381152, increment 100456
FeaturedSpace: max memory 536870912, total allocated 88080384, free 26699232, used 61381152, increment 0
Sequential: max memory 536870912, total allocated 88080384, free 26272280, used 61808104, increment 426952
Initial loss: 9.437874271591685
Initial test loss: 9.437874271591685
Time since start: 47.763
500: time = 2.965000 loss = 9.187576 testLoss 9.187242
Resulting gain: 0.2502983396741776
Projecting...
Writing file analysis/maxent/KPC/envonly/RFBO_4.csv
RFBO_4 response curves
Response curve: only anom
Making features
makeFeatures: max memory 536870912, total allocated 88080384, free 28029032, used 60051352, increment -1756752
RFBO_4 anom: 
Regularization values: linear/quadratic/product: 0.050, categorical: 0.250, threshold: 1.000, hinge: 0.500
2758 samples
Density: max memory 536870912, total allocated 88080384, free 26708304, used 61372080, increment 1320728
linearPredictor: max memory 536870912, total allocated 88080384, free 26607848, used 61472536, increment 100456
FeaturedSpace: max memory 536870912, total allocated 88080384, free 26607848, used 61472536, increment 0
Sequential: max memory 536870912, total allocated 88080384, free 26607848, used 61472536, increment 0
Initial loss: 9.437874271591685
Time since start: 48.775
160: time = 0.514000 loss = 9.413415
Resulting gain: 0.0244592990396999
RFBO_4 response curves
Response curve: only bathy
Making features
makeFeatures: max memory 536870912, total allocated 88080384, free 50806408, used 37273976, increment -24198560
RFBO_4 bathy: 
Regularization values: linear/quadratic/product: 0.050, categorical: 0.250, threshold: 1.000, hinge: 0.500
2758 samples
Density: max memory 536870912, total allocated 88080384, free 49255104, used 38825280, increment 1551304
linearPredictor: max memory 536870912, total allocated 88080384, free 49154648, used 38925736, increment 100456
FeaturedSpace: max memory 536870912, total allocated 88080384, free 49154648, used 38925736, increment 0
Sequential: max memory 536870912, total allocated 88080384, free 49154648, used 38925736, increment 0
Initial loss: 9.437874271591685
Time since start: 51.229
400: time = 2.376000 loss = 9.320291
Resulting gain: 0.1175833643789872
RFBO_4 response curves
Response curve: only sst
Making features
makeFeatures: max memory 536870912, total allocated 88080384, free 24622800, used 63457584, increment 24531848
RFBO_4 sst: 
Regularization values: linear/quadratic/product: 0.050, categorical: 0.250, threshold: 1.000, hinge: 0.500
2758 samples
Density: max memory 536870912, total allocated 88080384, free 23215520, used 64864864, increment 1407280
linearPredictor: max memory 536870912, total allocated 88080384, free 23215520, used 64864864, increment 0
FeaturedSpace: max memory 536870912, total allocated 88080384, free 23215520, used 64864864, increment 0
Sequential: max memory 536870912, total allocated 88080384, free 23215520, used 64864864, increment 0
Initial loss: 9.437874271591685
Time since start: 52.517
360: time = 1.201000 loss = 9.260590
Resulting gain: 0.17728399775906567
RFBO_4 response curves
getSamples: max memory 536870912, total allocated 88080384, free 28201072, used 59879312, increment -4985552
Making features
makeFeatures: max memory 536870912, total allocated 88080384, free 26243672, used 61836712, increment 1957400
RFBO_5: 
Regularization values: linear/quadratic/product: 0.050, categorical: 0.250, threshold: 1.000, hinge: 0.500
2759 samples
Density: max memory 536870912, total allocated 88080384, free 22249888, used 65830496, increment 3993784
linearPredictor: max memory 536870912, total allocated 88080384, free 22149416, used 65930968, increment 100472
FeaturedSpace: max memory 536870912, total allocated 88080384, free 22149416, used 65930968, increment 0
Sequential: max memory 536870912, total allocated 88080384, free 22149416, used 65930968, increment 0
Initial loss: 9.438033557988964
Initial test loss: 9.438033557988964
Time since start: 57.35
500: time = 4.183000 loss = 9.191100 testLoss 9.150430
Resulting gain: 0.24693345217365525
Projecting...
Writing file analysis/maxent/KPC/envonly/RFBO_5.csv
RFBO_5 response curves
Response curve: only anom
Making features
makeFeatures: max memory 536870912, total allocated 88080384, free 54099192, used 33981192, increment -31949776
RFBO_5 anom: 
Regularization values: linear/quadratic/product: 0.050, categorical: 0.250, threshold: 1.000, hinge: 0.500
2759 samples
Density: max memory 536870912, total allocated 88080384, free 57058800, used 31021584, increment -2959608
linearPredictor: max memory 536870912, total allocated 88080384, free 56958328, used 31122056, increment 100472
FeaturedSpace: max memory 536870912, total allocated 88080384, free 56958328, used 31122056, increment 0
Sequential: max memory 536870912, total allocated 88080384, free 56958328, used 31122056, increment 0
Initial loss: 9.438033557988964
Time since start: 58.407
140: time = 0.497000 loss = 9.413594
Resulting gain: 0.024439583701939327
RFBO_5 response curves
Response curve: only bathy
Making features
makeFeatures: max memory 536870912, total allocated 88080384, free 41164712, used 46915672, increment 15793616
RFBO_5 bathy: 
Regularization values: linear/quadratic/product: 0.050, categorical: 0.250, threshold: 1.000, hinge: 0.500
2759 samples
Density: max memory 536870912, total allocated 88080384, free 39639416, used 48440968, increment 1525296
linearPredictor: max memory 536870912, total allocated 88080384, free 39538944, used 48541440, increment 100472
FeaturedSpace: max memory 536870912, total allocated 88080384, free 39538944, used 48541440, increment 0
Sequential: max memory 536870912, total allocated 88080384, free 39538944, used 48541440, increment 0
Initial loss: 9.438033557988964
Time since start: 60.077
320: time = 1.593000 loss = 9.319194
Resulting gain: 0.11883967328240175
RFBO_5 response curves
Response curve: only sst
Making features
makeFeatures: max memory 536870912, total allocated 88080384, free 36640832, used 51439552, increment 2898112
RFBO_5 sst: 
Regularization values: linear/quadratic/product: 0.050, categorical: 0.250, threshold: 1.000, hinge: 0.500
2759 samples
Density: max memory 536870912, total allocated 88080384, free 35348768, used 52731616, increment 1292064
linearPredictor: max memory 536870912, total allocated 88080384, free 35248296, used 52832088, increment 100472
FeaturedSpace: max memory 536870912, total allocated 88080384, free 35248296, used 52832088, increment 0
Sequential: max memory 536870912, total allocated 88080384, free 35248296, used 52832088, increment 0
Initial loss: 9.438033557988964
Time since start: 61.25
340: time = 1.071000 loss = 9.265549
Resulting gain: 0.17248433718892286
RFBO_5 response curves
getSamples: max memory 536870912, total allocated 88080384, free 39697488, used 48382896, increment -4449192
Making features
makeFeatures: max memory 536870912, total allocated 88080384, free 38089320, used 49991064, increment 1608168
RFBO_6: 
Regularization values: linear/quadratic/product: 0.050, categorical: 0.250, threshold: 1.000, hinge: 0.500
2759 samples
Density: max memory 536870912, total allocated 88080384, free 33963584, used 54116800, increment 4125736
linearPredictor: max memory 536870912, total allocated 88080384, free 33963584, used 54116800, increment 0
FeaturedSpace: max memory 536870912, total allocated 88080384, free 33963584, used 54116800, increment 0
Sequential: max memory 536870912, total allocated 88080384, free 33963584, used 54116800, increment 0
Initial loss: 9.437874271591685
Initial test loss: 9.437874271591685
Time since start: 64.294
460: time = 2.514000 loss = 9.190615 testLoss 9.155784
Resulting gain: 0.24725886664905694
Projecting...
Writing file analysis/maxent/KPC/envonly/RFBO_6.csv
RFBO_6 response curves
Response curve: only anom
Making features
makeFeatures: max memory 536870912, total allocated 88080384, free 30042920, used 58037464, increment 3920664
RFBO_6 anom: 
Regularization values: linear/quadratic/product: 0.050, categorical: 0.250, threshold: 1.000, hinge: 0.500
2759 samples
Density: max memory 536870912, total allocated 88080384, free 42692288, used 45388096, increment -12649368
linearPredictor: max memory 536870912, total allocated 88080384, free 42591832, used 45488552, increment 100456
FeaturedSpace: max memory 536870912, total allocated 88080384, free 42591832, used 45488552, increment 0
Sequential: max memory 536870912, total allocated 88080384, free 42591832, used 45488552, increment 0
Initial loss: 9.437874271591685
160: time = 0.512000 loss = 9.412766
Resulting gain: 0.025108330022559855
RFBO_6 response curves
Time since start: 65.328
Response curve: only bathy
Making features
makeFeatures: max memory 536870912, total allocated 88080384, free 46586952, used 41493432, increment -3995120
RFBO_6 bathy: 
Regularization values: linear/quadratic/product: 0.050, categorical: 0.250, threshold: 1.000, hinge: 0.500
2759 samples
Density: max memory 536870912, total allocated 88080384, free 44989424, used 43090960, increment 1597528
linearPredictor: max memory 536870912, total allocated 88080384, free 44888968, used 43191416, increment 100456
FeaturedSpace: max memory 536870912, total allocated 88080384, free 44888968, used 43191416, increment 0
Sequential: max memory 536870912, total allocated 88080384, free 44888968, used 43191416, increment 0
Initial loss: 9.437874271591685
Time since start: 67.55
420: time = 2.185000 loss = 9.319637
Resulting gain: 0.11823695513125365
RFBO_6 response curves
Response curve: only sst
Making features
makeFeatures: max memory 536870912, total allocated 88080384, free 40892592, used 47187792, increment 3996376
RFBO_6 sst: 
Regularization values: linear/quadratic/product: 0.050, categorical: 0.250, threshold: 1.000, hinge: 0.500
2759 samples
Density: max memory 536870912, total allocated 88080384, free 39464168, used 48616216, increment 1428424
linearPredictor: max memory 536870912, total allocated 88080384, free 39464168, used 48616216, increment 0
FeaturedSpace: max memory 536870912, total allocated 88080384, free 39464168, used 48616216, increment 0
Sequential: max memory 536870912, total allocated 88080384, free 39464168, used 48616216, increment 0
Initial loss: 9.437874271591685
Time since start: 68.808
360: time = 1.174000 loss = 9.262581
Resulting gain: 0.17529363668323938
RFBO_6 response curves
getSamples: max memory 536870912, total allocated 88080384, free 16849816, used 71230568, increment 22614352
Making features
makeFeatures: max memory 536870912, total allocated 88080384, free 40481320, used 47599064, increment -23631504
RFBO_7: 
Regularization values: linear/quadratic/product: 0.050, categorical: 0.250, threshold: 1.000, hinge: 0.500
2759 samples
Density: max memory 536870912, total allocated 88080384, free 36436872, used 51643512, increment 4044448
linearPredictor: max memory 536870912, total allocated 88080384, free 36336400, used 51743984, increment 100472
FeaturedSpace: max memory 536870912, total allocated 88080384, free 36336400, used 51743984, increment 0
Sequential: max memory 536870912, total allocated 88080384, free 36336400, used 51743984, increment 0
Initial loss: 9.438033557988964
Initial test loss: 9.438033557988964
Time since start: 73.727
500: time = 4.377000 loss = 9.188499 testLoss 9.184667
Resulting gain: 0.24953426202896622
Projecting...
Writing file analysis/maxent/KPC/envonly/RFBO_7.csv
RFBO_7 response curves
Response curve: only anom
Making features
makeFeatures: max memory 536870912, total allocated 88080384, free 39981528, used 48098856, increment -3645128
RFBO_7 anom: 
Regularization values: linear/quadratic/product: 0.050, categorical: 0.250, threshold: 1.000, hinge: 0.500
2759 samples
Density: max memory 536870912, total allocated 88080384, free 38547088, used 49533296, increment 1434440
linearPredictor: max memory 536870912, total allocated 88080384, free 38446616, used 49633768, increment 100472
FeaturedSpace: max memory 536870912, total allocated 88080384, free 38446616, used 49633768, increment 0
Sequential: max memory 536870912, total allocated 88080384, free 38446616, used 49633768, increment 0
Initial loss: 9.438033557988964
Time since start: 75.429
180: time = 1.093000 loss = 9.413311
Resulting gain: 0.0247225494949479
RFBO_7 response curves
Response curve: only bathy
Making features
makeFeatures: max memory 536870912, total allocated 105906176, free 62622968, used 43283208, increment -6350560
RFBO_7 bathy: 
Regularization values: linear/quadratic/product: 0.050, categorical: 0.250, threshold: 1.000, hinge: 0.500
2759 samples
Density: max memory 536870912, total allocated 105906176, free 61166976, used 44739200, increment 1455992
linearPredictor: max memory 536870912, total allocated 105906176, free 61066504, used 44839672, increment 100472
FeaturedSpace: max memory 536870912, total allocated 105906176, free 61066504, used 44839672, increment 0
Sequential: max memory 536870912, total allocated 105906176, free 61066504, used 44839672, increment 0
Initial loss: 9.438033557988964
Time since start: 77.748
360: time = 2.157000 loss = 9.319288
Resulting gain: 0.11874518543319468
RFBO_7 response curves
Response curve: only sst
Making features
makeFeatures: max memory 536870912, total allocated 105906176, free 31117208, used 74788968, increment 29949296
RFBO_7 sst: 
Regularization values: linear/quadratic/product: 0.050, categorical: 0.250, threshold: 1.000, hinge: 0.500
2759 samples
Density: max memory 536870912, total allocated 105906176, free 64199528, used 41706648, increment -33082320
linearPredictor: max memory 536870912, total allocated 105906176, free 63675240, used 42230936, increment 524288
FeaturedSpace: max memory 536870912, total allocated 105906176, free 63675240, used 42230936, increment 0
Sequential: max memory 536870912, total allocated 105906176, free 63675240, used 42230936, increment 0
Initial loss: 9.438033557988964
Time since start: 78.898
320: time = 1.063000 loss = 9.262242
Resulting gain: 0.17579125807934837
RFBO_7 response curves
getSamples: max memory 536870912, total allocated 105906176, free 51583488, used 54322688, increment 12091752
Making features
makeFeatures: max memory 536870912, total allocated 105906176, free 49680904, used 56225272, increment 1902584
RFBO_8: 
Regularization values: linear/quadratic/product: 0.050, categorical: 0.250, threshold: 1.000, hinge: 0.500
2759 samples
Density: max memory 536870912, total allocated 105906176, free 45654576, used 60251600, increment 4026328
linearPredictor: max memory 536870912, total allocated 105906176, free 45554112, used 60352064, increment 100464
FeaturedSpace: max memory 536870912, total allocated 105906176, free 45554112, used 60352064, increment 0
Sequential: max memory 536870912, total allocated 105906176, free 45554112, used 60352064, increment 0
Initial loss: 9.437953917961844
Initial test loss: 9.437953917961844
Time since start: 82.245
500: time = 2.847000 loss = 9.192392 testLoss 9.136982
Resulting gain: 0.24556241041998206
Projecting...
Writing file analysis/maxent/KPC/envonly/RFBO_8.csv
RFBO_8 response curves
Response curve: only anom
Making features
makeFeatures: max memory 536870912, total allocated 105906176, free 45507536, used 60398640, increment 46576
RFBO_8 anom: 
Regularization values: linear/quadratic/product: 0.050, categorical: 0.250, threshold: 1.000, hinge: 0.500
2759 samples
Density: max memory 536870912, total allocated 105906176, free 44104432, used 61801744, increment 1403104
linearPredictor: max memory 536870912, total allocated 105906176, free 44003968, used 61902208, increment 100464
FeaturedSpace: max memory 536870912, total allocated 105906176, free 44003968, used 61902208, increment 0
Sequential: max memory 536870912, total allocated 105906176, free 44003968, used 61902208, increment 0
Initial loss: 9.437953917961844
160: time = 0.514000 loss = 9.413309
Resulting gain: 0.024644890435205014
RFBO_8 response curves
Time since start: 83.263
Response curve: only bathy
Making features
makeFeatures: max memory 536870912, total allocated 105906176, free 43416736, used 62489440, increment 587232
RFBO_8 bathy: 
Regularization values: linear/quadratic/product: 0.050, categorical: 0.250, threshold: 1.000, hinge: 0.500
2759 samples
Density: max memory 536870912, total allocated 105906176, free 56389752, used 49516424, increment -12973016
linearPredictor: max memory 536870912, total allocated 105906176, free 56289288, used 49616888, increment 100464
FeaturedSpace: max memory 536870912, total allocated 105906176, free 56289288, used 49616888, increment 0
Sequential: max memory 536870912, total allocated 105906176, free 56289288, used 49616888, increment 0
Initial loss: 9.437953917961844
Time since start: 84.991
300: time = 1.685000 loss = 9.321848
Resulting gain: 0.11610637897770282
RFBO_8 response curves
Response curve: only sst
Making features
makeFeatures: max memory 536870912, total allocated 105906176, free 61051496, used 44854680, increment -4762208
RFBO_8 sst: 
Regularization values: linear/quadratic/product: 0.050, categorical: 0.250, threshold: 1.000, hinge: 0.500
2759 samples
Density: max memory 536870912, total allocated 105906176, free 59585632, used 46320544, increment 1465864
linearPredictor: max memory 536870912, total allocated 105906176, free 59585632, used 46320544, increment 0
FeaturedSpace: max memory 536870912, total allocated 105906176, free 59585632, used 46320544, increment 0
Sequential: max memory 536870912, total allocated 105906176, free 59585632, used 46320544, increment 0
Initial loss: 9.437953917961844
Time since start: 86.445
420: time = 1.316000 loss = 9.266202
Resulting gain: 0.17175182985308446
RFBO_8 response curves
getSamples: max memory 536870912, total allocated 105906176, free 38973440, used 66932736, increment 20612192
Making features
makeFeatures: max memory 536870912, total allocated 105906176, free 36991048, used 68915128, increment 1982392
RFBO_9: 
Regularization values: linear/quadratic/product: 0.050, categorical: 0.250, threshold: 1.000, hinge: 0.500
2759 samples
Density: max memory 536870912, total allocated 105906176, free 32622720, used 73283456, increment 4368328
linearPredictor: max memory 536870912, total allocated 105906176, free 32622720, used 73283456, increment 0
FeaturedSpace: max memory 536870912, total allocated 105906176, free 32622720, used 73283456, increment 0
Sequential: max memory 536870912, total allocated 105906176, free 32622720, used 73283456, increment 0
Initial loss: 9.438590860658538
Initial test loss: 9.438590860658538
Time since start: 89.613
500: time = 2.735000 loss = 9.187735 testLoss 9.200718
Resulting gain: 0.2508560009787004
Projecting...
Writing file analysis/maxent/KPC/envonly/RFBO_9.csv
RFBO_9 response curves
Response curve: only anom
Making features
makeFeatures: max memory 536870912, total allocated 106954752, free 37261936, used 69692816, increment -3590640
RFBO_9 anom: 
Regularization values: linear/quadratic/product: 0.050, categorical: 0.250, threshold: 1.000, hinge: 0.500
2759 samples
Density: max memory 536870912, total allocated 106954752, free 36159192, used 70795560, increment 1102744
linearPredictor: max memory 536870912, total allocated 106954752, free 36058664, used 70896088, increment 100528
FeaturedSpace: max memory 536870912, total allocated 106954752, free 36058664, used 70896088, increment 0
Sequential: max memory 536870912, total allocated 106954752, free 36058664, used 70896088, increment 0
Initial loss: 9.438590860658538
140: time = 0.478000 loss = 9.413824
Resulting gain: 0.024766512596922752
RFBO_9 response curves
Response curve: only bathy
Making features
makeFeatures: max memory 536870912, total allocated 106954752, free 20254120, used 86700632, increment 15804544
RFBO_9 bathy: 
Regularization values: linear/quadratic/product: 0.050, categorical: 0.250, threshold: 1.000, hinge: 0.500
Time since start: 90.615
2759 samples
Density: max memory 536870912, total allocated 106954752, free 18677472, used 88277280, increment 1576648
linearPredictor: max memory 536870912, total allocated 106954752, free 18576944, used 88377808, increment 100528
FeaturedSpace: max memory 536870912, total allocated 106954752, free 18576944, used 88377808, increment 0
Sequential: max memory 536870912, total allocated 106954752, free 18576944, used 88377808, increment 0
Initial loss: 9.438590860658538
Time since start: 92.197
300: time = 1.580000 loss = 9.325749
Resulting gain: 0.11284177434094822
RFBO_9 response curves
Response curve: only sst
Making features
makeFeatures: max memory 536870912, total allocated 106954752, free 56168160, used 50786592, increment -37591216
RFBO_9 sst: 
Regularization values: linear/quadratic/product: 0.050, categorical: 0.250, threshold: 1.000, hinge: 0.500
2759 samples
Density: max memory 536870912, total allocated 106954752, free 54967896, used 51986856, increment 1200264
linearPredictor: max memory 536870912, total allocated 106954752, free 54867368, used 52087384, increment 100528
FeaturedSpace: max memory 536870912, total allocated 106954752, free 54867368, used 52087384, increment 0
Sequential: max memory 536870912, total allocated 106954752, free 54867368, used 52087384, increment 0
Initial loss: 9.438590860658538
Time since start: 93.595
320: time = 1.304000 loss = 9.256370
Resulting gain: 0.18222101684674463
RFBO_9 response curves
Reading file kpc_background.csv
readGrid: max memory 536870912, total allocated 106954752, free 28624448, used 78330304, increment 26242920
Reading file kpc_background.csv
readGrid: max memory 536870912, total allocated 106954752, free 55228432, used 51726320, increment -26603984
Reading file kpc_background.csv
readGrid: max memory 536870912, total allocated 106954752, free 43359696, used 63595056, increment 11868736
Reading file kpc_background.csv
readGrid: max memory 536870912, total allocated 106954752, free 32620544, used 74334208, increment 10739152
Reading file kpc_background.csv
readGrid: max memory 536870912, total allocated 106954752, free 22955136, used 83999616, increment 9665408
Reading file kpc_background.csv
readGrid: max memory 536870912, total allocated 106954752, free 57820800, used 49133952, increment -34865664
Reading file kpc_background.csv
readGrid: max memory 536870912, total allocated 180355072, free 78499912, used 101855160, increment 52721208
Time since start: 94.657
Reading file kpc_background.csv
readGrid: max memory 536870912, total allocated 180355072, free 59432728, used 120922344, increment 19067184
Reading file kpc_background.csv
readGrid: max memory 536870912, total allocated 180355072, free 59190616, used 121164456, increment 242112
Reading file kpc_background.csv
readGrid: max memory 536870912, total allocated 180355072, free 64999776, used 115355296, increment -5809160
Creating average grid, stddev grid etc.
Writing file analysis/maxent/KPC/envonly/RFBO_avg.csv
Writing file analysis/maxent/KPC/envonly/RFBO_stddev.csv
Writing file analysis/maxent/KPC/envonly/RFBO_min.csv
Writing file analysis/maxent/KPC/envonly/RFBO_max.csv
Writing file analysis/maxent/KPC/envonly/RFBO_median.csv
Time since start: 95.66
RFBO average response curves
Ending
